['struct', <parser_rules.Expression object at 0x7f1adc8e6a60>, <parser_rules.Block object at 0x7f1adc856e50>]
['struct', <parser_rules.Expression object at 0x7f1adc865310>, <parser_rules.Block object at 0x7f1adc8657c0>]
['struct', <parser_rules.Expression object at 0x7f1adc865d30>, <parser_rules.Block object at 0x7f1adc77e340>]
['struct', <parser_rules.Expression object at 0x7f1adc77e820>, <parser_rules.Block object at 0x7f1adc77edf0>]
['struct', <parser_rules.Expression object at 0x7f1adc77a310>, <parser_rules.Block object at 0x7f1adc77a8e0>]
Visiting FunctionDefinition at span: (41, 43)
AAAA
Visiting TypeAngleExpression
Visiting InitStatement at span: (42, 42)
Visiting CallExpression at span: (42, 42)
Visiting TypeIdExpression at span: (42, 42)
Visiting FunctionDefinition at span: (35, 39)
AAAA
Visiting TypeDeclarationStatementFunction at span: (36, 36)
Visiting TypeIndexExpression at span: (36, 36)
Visiting TypeAngleExpression at span: (36, 36)
Visiting TypeIdExpression at span: (36, 36)
Visiting StructDefinition at span: (18, 21)
Visiting TypeDeclarationStatementStruct at span: (19, 19)
hERE<class 'semantic_ast.TypeAngleExpression'>
Visiting TypeAngleExpression at span: (19, 19)
Visiting TypeIdExpression at span: (19, 19)
Visiting TypeIdExpression at span: (19, 19)
Visiting StructDefinition at span: (8, 11)
Visiting TypeDeclarationStatementStruct at span: (9, 9)
hERE<class 'semantic_ast.TypeBinaryExpression'>
Visiting TypeBinaryExpression at span: (9, 9)
Visiting TypeIdExpression at span: (9, 9)
Visiting TypeIdExpression at span: (9, 9)
Visiting TypeDeclarationStatementStruct at span: (10, 10)
hERE<class 'semantic_ast.TypeBinaryExpression'>
Visiting TypeBinaryExpression at span: (10, 10)
Visiting TypeIdExpression at span: (10, 10)
Visiting TypeIdExpression at span: (10, 10)
Visiting StructDefinition at span: (22, 25)
Visiting TypeDeclarationStatementStruct at span: (23, 23)
hERE<class 'semantic_ast.TypeAngleExpression'>
Visiting TypeAngleExpression at span: (23, 23)
Visiting TypeIdExpression at span: (23, 23)
Visiting TypeIdExpression at span: (23, 23)
Visiting StructDefinition at span: (8, 11)
Visiting TypeDeclarationStatementStruct at span: (9, 9)
hERE<class 'semantic_ast.TypeBinaryExpression'>
Visiting TypeBinaryExpression at span: (9, 9)
Visiting TypeIdExpression at span: (9, 9)
Visiting TypeIdExpression at span: (9, 9)
Visiting TypeDeclarationStatementStruct at span: (10, 10)
hERE<class 'semantic_ast.TypeBinaryExpression'>
Visiting TypeBinaryExpression at span: (10, 10)
Visiting TypeIdExpression at span: (10, 10)
Visiting TypeIdExpression at span: (10, 10)
Visiting StructDefinition at span: (27, 31)
Visiting TypeDeclarationStatementStruct at span: (28, 28)
hERE<class 'semantic_ast.TypeAngleExpression'>
Visiting TypeAngleExpression at span: (28, 28)
Visiting TypeIdExpression at span: (28, 28)
Visiting TypeIdExpression at span: (28, 28)
Visiting StructDefinition at span: (13, 16)
Visiting TypeDeclarationStatementStruct at span: (14, 14)
hERE<class 'semantic_ast.TypeBinaryExpression'>
Visiting TypeBinaryExpression at span: (14, 14)
Visiting TypeIdExpression at span: (14, 14)
Visiting TypeIdExpression at span: (14, 14)
Visiting TypeDeclarationStatementStruct at span: (15, 15)
hERE<class 'semantic_ast.TypeBinaryExpression'>
Visiting TypeBinaryExpression at span: (15, 15)
Visiting TypeIdExpression at span: (15, 15)
Visiting TypeIdExpression at span: (15, 15)
Visiting TypeDeclarationStatementStruct at span: (29, 29)
hERE<class 'semantic_ast.TypeAngleExpression'>
Visiting TypeAngleExpression at span: (29, 29)
Visiting TypeIdExpression at span: (29, 29)
Visiting TypeIdExpression at span: (29, 29)
Visiting StructDefinition at span: (13, 16)
Visiting TypeDeclarationStatementStruct at span: (14, 14)
hERE<class 'semantic_ast.TypeBinaryExpression'>
Visiting TypeBinaryExpression at span: (14, 14)
Visiting TypeIdExpression at span: (14, 14)
Visiting TypeIdExpression at span: (14, 14)
Visiting TypeDeclarationStatementStruct at span: (15, 15)
hERE<class 'semantic_ast.TypeBinaryExpression'>
Visiting TypeBinaryExpression at span: (15, 15)
Visiting TypeIdExpression at span: (15, 15)
Visiting TypeIdExpression at span: (15, 15)
Visiting TypeDeclarationStatementStruct at span: (30, 30)
hERE<class 'semantic_ast.TypeBinaryExpression'>
Visiting TypeBinaryExpression at span: (30, 30)
Visiting TypeIndexExpression at span: (30, 30)
Visiting TypeAngleExpression at span: (30, 30)
Visiting TypeBinaryExpression at span: (30, 30)
Visiting TypeIdExpression at span: (30, 30)
Visiting TypeIdExpression at span: (30, 30)
Visiting StructDefinition at span: (18, 21)
Visiting TypeDeclarationStatementStruct at span: (19, 19)
hERE<class 'semantic_ast.TypeAngleExpression'>
Visiting TypeAngleExpression at span: (19, 19)
Visiting TypeIdExpression at span: (19, 19)
Visiting TypeIdExpression at span: (19, 19)
Visiting StructDefinition at span: (8, 11)
Visiting TypeDeclarationStatementStruct at span: (9, 9)
hERE<class 'semantic_ast.TypeBinaryExpression'>
Visiting TypeBinaryExpression at span: (9, 9)
Visiting TypeIdExpression at span: (9, 9)
Visiting TypeIdExpression at span: (9, 9)
Visiting TypeDeclarationStatementStruct at span: (10, 10)
hERE<class 'semantic_ast.TypeBinaryExpression'>
Visiting TypeBinaryExpression at span: (10, 10)
Visiting TypeIdExpression at span: (10, 10)
Visiting TypeIdExpression at span: (10, 10)
Visiting StructDefinition at span: (22, 25)
Visiting TypeDeclarationStatementStruct at span: (23, 23)
hERE<class 'semantic_ast.TypeAngleExpression'>
Visiting TypeAngleExpression at span: (23, 23)
Visiting TypeIdExpression at span: (23, 23)
Visiting TypeIdExpression at span: (23, 23)
Visiting StructDefinition at span: (8, 11)
Visiting TypeDeclarationStatementStruct at span: (9, 9)
hERE<class 'semantic_ast.TypeBinaryExpression'>
Visiting TypeBinaryExpression at span: (9, 9)
Visiting TypeIdExpression at span: (9, 9)
Visiting TypeIdExpression at span: (9, 9)
Visiting TypeDeclarationStatementStruct at span: (10, 10)
hERE<class 'semantic_ast.TypeBinaryExpression'>
Visiting TypeBinaryExpression at span: (10, 10)
Visiting TypeIdExpression at span: (10, 10)
Visiting TypeIdExpression at span: (10, 10)
Visiting StructDefinition at span: (27, 31)
Visiting TypeDeclarationStatementStruct at span: (28, 28)
hERE<class 'semantic_ast.TypeAngleExpression'>
Visiting TypeAngleExpression at span: (28, 28)
Visiting TypeIdExpression at span: (28, 28)
Visiting TypeIdExpression at span: (28, 28)
Visiting StructDefinition at span: (13, 16)
Visiting TypeDeclarationStatementStruct at span: (14, 14)
hERE<class 'semantic_ast.TypeBinaryExpression'>
Visiting TypeBinaryExpression at span: (14, 14)
Visiting TypeIdExpression at span: (14, 14)
Visiting TypeIdExpression at span: (14, 14)
Visiting TypeDeclarationStatementStruct at span: (15, 15)
hERE<class 'semantic_ast.TypeBinaryExpression'>
Visiting TypeBinaryExpression at span: (15, 15)
Visiting TypeIdExpression at span: (15, 15)
Visiting TypeIdExpression at span: (15, 15)
Visiting TypeDeclarationStatementStruct at span: (29, 29)
hERE<class 'semantic_ast.TypeAngleExpression'>
Visiting TypeAngleExpression at span: (29, 29)
Visiting TypeIdExpression at span: (29, 29)
Visiting TypeIdExpression at span: (29, 29)
Visiting StructDefinition at span: (13, 16)
Visiting TypeDeclarationStatementStruct at span: (14, 14)
hERE<class 'semantic_ast.TypeBinaryExpression'>
Visiting TypeBinaryExpression at span: (14, 14)
Visiting TypeIdExpression at span: (14, 14)
Visiting TypeIdExpression at span: (14, 14)
Visiting TypeDeclarationStatementStruct at span: (15, 15)
hERE<class 'semantic_ast.TypeBinaryExpression'>
Visiting TypeBinaryExpression at span: (15, 15)
Visiting TypeIdExpression at span: (15, 15)
Visiting TypeIdExpression at span: (15, 15)
Visiting TypeDeclarationStatementStruct at span: (30, 30)
hERE<class 'semantic_ast.TypeBinaryExpression'>
Visiting TypeBinaryExpression at span: (30, 30)
Visiting TypeIndexExpression at span: (30, 30)
Visiting TypeAngleExpression at span: (30, 30)
Visiting TypeBinaryExpression at span: (30, 30)
Visiting TypeIdExpression at span: (30, 30)
Visiting TypeIdExpression at span: (30, 30)
Visiting StructDefinition at span: (18, 21)
Visiting TypeDeclarationStatementStruct at span: (19, 19)
hERE<class 'semantic_ast.TypeAngleExpression'>
Visiting TypeAngleExpression at span: (19, 19)
Visiting TypeIdExpression at span: (19, 19)
Visiting TypeIdExpression at span: (19, 19)
Visiting StructDefinition at span: (8, 11)
Visiting TypeDeclarationStatementStruct at span: (9, 9)
hERE<class 'semantic_ast.TypeBinaryExpression'>
Visiting TypeBinaryExpression at span: (9, 9)
Visiting TypeIdExpression at span: (9, 9)
Visiting TypeIdExpression at span: (9, 9)
Visiting TypeDeclarationStatementStruct at span: (10, 10)
hERE<class 'semantic_ast.TypeBinaryExpression'>
Visiting TypeBinaryExpression at span: (10, 10)
Visiting TypeIdExpression at span: (10, 10)
Visiting TypeIdExpression at span: (10, 10)
Visiting StructDefinition at span: (22, 25)
Visiting TypeDeclarationStatementStruct at span: (23, 23)
hERE<class 'semantic_ast.TypeAngleExpression'>
Visiting TypeAngleExpression at span: (23, 23)
Visiting TypeIdExpression at span: (23, 23)
Visiting TypeIdExpression at span: (23, 23)
Visiting StructDefinition at span: (8, 11)
Visiting TypeDeclarationStatementStruct at span: (9, 9)
hERE<class 'semantic_ast.TypeBinaryExpression'>
Visiting TypeBinaryExpression at span: (9, 9)
Visiting TypeIdExpression at span: (9, 9)
Visiting TypeIdExpression at span: (9, 9)
Visiting TypeDeclarationStatementStruct at span: (10, 10)
hERE<class 'semantic_ast.TypeBinaryExpression'>
Visiting TypeBinaryExpression at span: (10, 10)
Visiting TypeIdExpression at span: (10, 10)
Visiting TypeIdExpression at span: (10, 10)
Visiting StructDefinition at span: (27, 31)
Visiting TypeDeclarationStatementStruct at span: (28, 28)
hERE<class 'semantic_ast.TypeAngleExpression'>
Visiting TypeAngleExpression at span: (28, 28)
Visiting TypeIdExpression at span: (28, 28)
Visiting TypeIdExpression at span: (28, 28)
Visiting StructDefinition at span: (13, 16)
Visiting TypeDeclarationStatementStruct at span: (14, 14)
hERE<class 'semantic_ast.TypeBinaryExpression'>
Visiting TypeBinaryExpression at span: (14, 14)
Visiting TypeIdExpression at span: (14, 14)
Visiting TypeIdExpression at span: (14, 14)
Visiting TypeDeclarationStatementStruct at span: (15, 15)
hERE<class 'semantic_ast.TypeBinaryExpression'>
Visiting TypeBinaryExpression at span: (15, 15)
Visiting TypeIdExpression at span: (15, 15)
Visiting TypeIdExpression at span: (15, 15)
Visiting TypeDeclarationStatementStruct at span: (29, 29)
hERE<class 'semantic_ast.TypeAngleExpression'>
Visiting TypeAngleExpression at span: (29, 29)
Visiting TypeIdExpression at span: (29, 29)
Visiting TypeIdExpression at span: (29, 29)
Visiting StructDefinition at span: (13, 16)
Visiting TypeDeclarationStatementStruct at span: (14, 14)
hERE<class 'semantic_ast.TypeBinaryExpression'>
Visiting TypeBinaryExpression at span: (14, 14)
Visiting TypeIdExpression at span: (14, 14)
Visiting TypeIdExpression at span: (14, 14)
Visiting TypeDeclarationStatementStruct at span: (15, 15)
hERE<class 'semantic_ast.TypeBinaryExpression'>
Visiting TypeBinaryExpression at span: (15, 15)
Visiting TypeIdExpression at span: (15, 15)
Visiting TypeIdExpression at span: (15, 15)
Visiting TypeDeclarationStatementStruct at span: (30, 30)
hERE<class 'semantic_ast.TypeBinaryExpression'>
Visiting TypeBinaryExpression at span: (30, 30)
Visiting TypeIndexExpression at span: (30, 30)
Visiting TypeAngleExpression at span: (30, 30)
Visiting TypeBinaryExpression at span: (30, 30)
Visiting TypeIdExpression at span: (30, 30)
Visiting TypeIdExpression at span: (30, 30)
Visiting StructDefinition at span: (18, 21)
Visiting TypeDeclarationStatementStruct at span: (19, 19)
hERE<class 'semantic_ast.TypeAngleExpression'>
Visiting TypeAngleExpression at span: (19, 19)
Visiting TypeIdExpression at span: (19, 19)
Visiting TypeIdExpression at span: (19, 19)
Visiting StructDefinition at span: (8, 11)
Visiting TypeDeclarationStatementStruct at span: (9, 9)
hERE<class 'semantic_ast.TypeBinaryExpression'>
Visiting TypeBinaryExpression at span: (9, 9)
Visiting TypeIdExpression at span: (9, 9)
Visiting TypeIdExpression at span: (9, 9)
Visiting TypeDeclarationStatementStruct at span: (10, 10)
hERE<class 'semantic_ast.TypeBinaryExpression'>
Visiting TypeBinaryExpression at span: (10, 10)
Visiting TypeIdExpression at span: (10, 10)
Visiting TypeIdExpression at span: (10, 10)
Visiting StructDefinition at span: (22, 25)
Visiting TypeDeclarationStatementStruct at span: (23, 23)
hERE<class 'semantic_ast.TypeAngleExpression'>
Visiting TypeAngleExpression at span: (23, 23)
Visiting TypeIdExpression at span: (23, 23)
Visiting TypeIdExpression at span: (23, 23)
Visiting StructDefinition at span: (8, 11)
Visiting TypeDeclarationStatementStruct at span: (9, 9)
hERE<class 'semantic_ast.TypeBinaryExpression'>
Visiting TypeBinaryExpression at span: (9, 9)
Visiting TypeIdExpression at span: (9, 9)
Visiting TypeIdExpression at span: (9, 9)
Visiting TypeDeclarationStatementStruct at span: (10, 10)
hERE<class 'semantic_ast.TypeBinaryExpression'>
Visiting TypeBinaryExpression at span: (10, 10)
Visiting TypeIdExpression at span: (10, 10)
Visiting TypeIdExpression at span: (10, 10)
Visiting TypeDeclarationStatementStruct at span: (24, 24)
hERE<class 'semantic_ast.TypeIdExpression'>
Visiting TypeIdExpression at span: (24, 24)
Visiting StructDefinition at span: (27, 31)
Visiting TypeDeclarationStatementStruct at span: (28, 28)
hERE<class 'semantic_ast.TypeAngleExpression'>
Visiting TypeAngleExpression at span: (28, 28)
Visiting TypeIdExpression at span: (28, 28)
Visiting TypeIdExpression at span: (28, 28)
Visiting StructDefinition at span: (13, 16)
Visiting TypeDeclarationStatementStruct at span: (14, 14)
hERE<class 'semantic_ast.TypeBinaryExpression'>
Visiting TypeBinaryExpression at span: (14, 14)
Visiting TypeIdExpression at span: (14, 14)
Visiting TypeIdExpression at span: (14, 14)
Visiting TypeDeclarationStatementStruct at span: (15, 15)
hERE<class 'semantic_ast.TypeBinaryExpression'>
Visiting TypeBinaryExpression at span: (15, 15)
Visiting TypeIdExpression at span: (15, 15)
Visiting TypeIdExpression at span: (15, 15)
Visiting TypeDeclarationStatementStruct at span: (29, 29)
hERE<class 'semantic_ast.TypeAngleExpression'>
Visiting TypeAngleExpression at span: (29, 29)
Visiting TypeIdExpression at span: (29, 29)
Visiting TypeIdExpression at span: (29, 29)
Visiting StructDefinition at span: (13, 16)
Visiting TypeDeclarationStatementStruct at span: (14, 14)
hERE<class 'semantic_ast.TypeBinaryExpression'>
Visiting TypeBinaryExpression at span: (14, 14)
Visiting TypeIdExpression at span: (14, 14)
Visiting TypeIdExpression at span: (14, 14)
Visiting TypeDeclarationStatementStruct at span: (15, 15)
hERE<class 'semantic_ast.TypeBinaryExpression'>
Visiting TypeBinaryExpression at span: (15, 15)
Visiting TypeIdExpression at span: (15, 15)
Visiting TypeIdExpression at span: (15, 15)
Visiting TypeIndexExpression at span: (30, 30)
Visiting TypeAngleExpression at span: (30, 30)
Visiting TypeBinaryExpression at span: (30, 30)
Visiting TypeIdExpression at span: (30, 30)
Visiting TypeIdExpression at span: (30, 30)
Visiting StructDefinition at span: (18, 21)
Visiting TypeDeclarationStatementStruct at span: (19, 19)
hERE<class 'semantic_ast.TypeAngleExpression'>
Visiting TypeAngleExpression at span: (19, 19)
Visiting TypeIdExpression at span: (19, 19)
Visiting TypeIdExpression at span: (19, 19)
Visiting StructDefinition at span: (8, 11)
Visiting TypeDeclarationStatementStruct at span: (9, 9)
hERE<class 'semantic_ast.TypeBinaryExpression'>
Visiting TypeBinaryExpression at span: (9, 9)
Visiting TypeIdExpression at span: (9, 9)
Visiting TypeIdExpression at span: (9, 9)
Visiting TypeDeclarationStatementStruct at span: (10, 10)
hERE<class 'semantic_ast.TypeBinaryExpression'>
Visiting TypeBinaryExpression at span: (10, 10)
Visiting TypeIdExpression at span: (10, 10)
Visiting TypeIdExpression at span: (10, 10)
Visiting TypeDeclarationStatementStruct at span: (20, 20)
hERE<class 'semantic_ast.TypeIdExpression'>
Visiting TypeIdExpression at span: (20, 20)
Visiting StructDefinition at span: (22, 25)
Visiting TypeDeclarationStatementStruct at span: (23, 23)
hERE<class 'semantic_ast.TypeAngleExpression'>
Visiting TypeAngleExpression at span: (23, 23)
Visiting TypeIdExpression at span: (23, 23)
Visiting TypeIdExpression at span: (23, 23)
Visiting StructDefinition at span: (8, 11)
Visiting TypeDeclarationStatementStruct at span: (9, 9)
hERE<class 'semantic_ast.TypeBinaryExpression'>
Visiting TypeBinaryExpression at span: (9, 9)
Visiting TypeIdExpression at span: (9, 9)
Visiting TypeIdExpression at span: (9, 9)
Visiting TypeDeclarationStatementStruct at span: (10, 10)
hERE<class 'semantic_ast.TypeBinaryExpression'>
Visiting TypeBinaryExpression at span: (10, 10)
Visiting TypeIdExpression at span: (10, 10)
Visiting TypeIdExpression at span: (10, 10)
Visiting StructDefinition at span: (27, 31)
Visiting TypeDeclarationStatementStruct at span: (28, 28)
hERE<class 'semantic_ast.TypeAngleExpression'>
Visiting TypeAngleExpression at span: (28, 28)
Visiting TypeIdExpression at span: (28, 28)
Visiting TypeIdExpression at span: (28, 28)
Visiting StructDefinition at span: (13, 16)
Visiting TypeDeclarationStatementStruct at span: (14, 14)
hERE<class 'semantic_ast.TypeBinaryExpression'>
Visiting TypeBinaryExpression at span: (14, 14)
Visiting TypeIdExpression at span: (14, 14)
Visiting TypeIdExpression at span: (14, 14)
Visiting TypeDeclarationStatementStruct at span: (15, 15)
hERE<class 'semantic_ast.TypeBinaryExpression'>
Visiting TypeBinaryExpression at span: (15, 15)
Visiting TypeIdExpression at span: (15, 15)
Visiting TypeIdExpression at span: (15, 15)
Visiting TypeIndexExpression at span: (30, 30)
Visiting TypeAngleExpression at span: (30, 30)
Visiting TypeBinaryExpression at span: (30, 30)
Visiting TypeIdExpression at span: (30, 30)
Visiting TypeIdExpression at span: (30, 30)
Visiting TypeIndexExpression at span: (30, 30)
Visiting TypeAngleExpression at span: (30, 30)
Visiting TypeBinaryExpression at span: (30, 30)
Visiting TypeIdExpression at span: (30, 30)
Visiting TypeIdExpression at span: (30, 30)
Visiting TypeIdExpression at span: (35, 35)
Visiting InitStatement at span: (37, 37)
Visiting CallExpression at span: (37, 37)
Visiting TypeIdExpression at span: (37, 37)
Traceback (most recent call last):
  File "/home/pmihalj/thesis/compiler/type_engine.py", line 194, in compile_types
    tc.resolve_function("main", [], [])
  File "/home/pmihalj/thesis/compiler/type_engine.py", line 114, in resolve_function
    r = fd.te_visit(self,
  File "/home/pmihalj/thesis/compiler/helpers.py", line 49, in wrapper
    a = func(self, *vargs, **kwargs)
  File "/home/pmihalj/thesis/compiler/type_engine_rules.py", line 75, in _
    if s.te_visit(tc, f) is False:
  File "/home/pmihalj/thesis/compiler/helpers.py", line 49, in wrapper
    a = func(self, *vargs, **kwargs)
  File "/home/pmihalj/thesis/compiler/type_engine_rules.py", line 180, in _
    e = self.expr.te_visit(tc, f, lvalue=False)
  File "/home/pmihalj/thesis/compiler/helpers.py", line 49, in wrapper
    a = func(self, *vargs, **kwargs)
  File "/home/pmihalj/thesis/compiler/type_engine_rules.py", line 513, in _
    ft = tc.resolve_function(self.name, type_args_types, args_types)
  File "/home/pmihalj/thesis/compiler/type_engine.py", line 114, in resolve_function
    r = fd.te_visit(self,
  File "/home/pmihalj/thesis/compiler/helpers.py", line 49, in wrapper
    a = func(self, *vargs, **kwargs)
  File "/home/pmihalj/thesis/compiler/type_engine_rules.py", line 75, in _
    if s.te_visit(tc, f) is False:
  File "/home/pmihalj/thesis/compiler/helpers.py", line 49, in wrapper
    a = func(self, *vargs, **kwargs)
  File "/home/pmihalj/thesis/compiler/type_engine_rules.py", line 180, in _
    e = self.expr.te_visit(tc, f, lvalue=False)
  File "/home/pmihalj/thesis/compiler/helpers.py", line 49, in wrapper
    a = func(self, *vargs, **kwargs)
  File "/home/pmihalj/thesis/compiler/type_engine_rules.py", line 505, in _
    type_args_types = [t.te_visit(tc, f) for t in self.type_expr_list]
  File "/home/pmihalj/thesis/compiler/type_engine_rules.py", line 505, in <listcomp>
    type_args_types = [t.te_visit(tc, f) for t in self.type_expr_list]
  File "/home/pmihalj/thesis/compiler/helpers.py", line 49, in wrapper
    a = func(self, *vargs, **kwargs)
  File "/home/pmihalj/thesis/compiler/type_engine_rules.py", line 593, in _
    return sf.types[self.name]
KeyError: 'f'

2  - Resolving function ('main', (), ())
4  - - Function definition at 41
6  - - - Resolving struct ('void', ())
6  - - - Struct def autogenerated
6  - - - [SUCC] Resolving struct ('void', ())
6  - - - Resolving struct ('i5', ())
6  - - - Struct def autogenerated
6  - - - [SUCC] Resolving struct ('i5', ())
6  - - - Resolving function ('ct_fib', (IntType(size=5),), ())
8  - - - - Function definition at 35
10  - - - - - Resolving struct ('fib', (IntType(size=5),))
12  - - - - - - Struct definition at 18
14  - - - - - - - Resolving struct ('i1', ())
14  - - - - - - - Struct def autogenerated
14  - - - - - - - [SUCC] Resolving struct ('i1', ())
14  - - - - - - - Resolving struct ('assert_equal', (IntType(size=5), IntType(size=1)))
16  - - - - - - - - Struct definition at 8
18  - - - - - - - - - Resolving struct ('__eq__', (IntType(size=5), IntType(size=1)))
18  - - - - - - - - - Struct def autogenerated
18  - - - - - - - - - [SUCC] Resolving struct ('__eq__', (IntType(size=5), IntType(size=1)))
18  - - - - - - - - - Resolving struct ('i1', ())
18  - - - - - - - - - Struct def autogenerated
18  - - - - - - - - - [SUCC] Resolving struct ('i1', ())
18  - - - - - - - - - Resolving struct ('__div__', (IntType(size=1), IntType(size=0)))
18  - - - - - - - - - [FAIL] Resolving struct ('__div__', (IntType(size=1), IntType(size=0)))
16  - - - - - - - - [ERR] Can't infer for op __div__!
16  - - - - - - - - Cant infer statement                            at line 10!
14  - - - - - - - [FAIL] Resolving struct ('assert_equal', (IntType(size=5), IntType(size=1)))
12  - - - - - - [ERR] Can't infer type assert_equal!
12  - - - - - - Cant infer statement                            at line 19!
12  - - - - - - Struct definition at 22
14  - - - - - - - Resolving struct ('i2', ())
14  - - - - - - - Struct def autogenerated
14  - - - - - - - [SUCC] Resolving struct ('i2', ())
14  - - - - - - - Resolving struct ('assert_equal', (IntType(size=5), IntType(size=2)))
16  - - - - - - - - Struct definition at 8
18  - - - - - - - - - Resolving struct ('__eq__', (IntType(size=5), IntType(size=2)))
18  - - - - - - - - - Struct def autogenerated
18  - - - - - - - - - [SUCC] Resolving struct ('__eq__', (IntType(size=5), IntType(size=2)))
18  - - - - - - - - - Resolving struct ('i1', ())
18  - - - - - - - - - Struct def autogenerated
18  - - - - - - - - - [SUCC] Resolving struct ('i1', ())
18  - - - - - - - - - Resolving struct ('__div__', (IntType(size=1), IntType(size=0)))
18  - - - - - - - - - [FAIL] Resolving struct ('__div__', (IntType(size=1), IntType(size=0)))
16  - - - - - - - - [ERR] Can't infer for op __div__!
16  - - - - - - - - Cant infer statement                            at line 10!
14  - - - - - - - [FAIL] Resolving struct ('assert_equal', (IntType(size=5), IntType(size=2)))
12  - - - - - - [ERR] Can't infer type assert_equal!
12  - - - - - - Cant infer statement                            at line 23!
12  - - - - - - Struct definition at 27
14  - - - - - - - Resolving struct ('i1', ())
14  - - - - - - - Struct def autogenerated
14  - - - - - - - [SUCC] Resolving struct ('i1', ())
14  - - - - - - - Resolving struct ('assert_not_equal', (IntType(size=5), IntType(size=1)))
16  - - - - - - - - Struct definition at 13
18  - - - - - - - - - Resolving struct ('__ne__', (IntType(size=5), IntType(size=1)))
18  - - - - - - - - - Struct def autogenerated
18  - - - - - - - - - [SUCC] Resolving struct ('__ne__', (IntType(size=5), IntType(size=1)))
18  - - - - - - - - - Resolving struct ('i1', ())
18  - - - - - - - - - Struct def autogenerated
18  - - - - - - - - - [SUCC] Resolving struct ('i1', ())
18  - - - - - - - - - Resolving struct ('__div__', (IntType(size=1), IntType(size=1)))
18  - - - - - - - - - Struct def autogenerated
18  - - - - - - - - - [SUCC] Resolving struct ('__div__', (IntType(size=1), IntType(size=1)))
14  - - - - - - - [SUCC] Resolving struct ('assert_not_equal', (IntType(size=5), IntType(size=1)))
14  - - - - - - - Resolving struct ('i2', ())
14  - - - - - - - Struct def autogenerated
14  - - - - - - - [SUCC] Resolving struct ('i2', ())
14  - - - - - - - Resolving struct ('assert_not_equal', (IntType(size=5), IntType(size=2)))
16  - - - - - - - - Struct definition at 13
18  - - - - - - - - - Resolving struct ('__ne__', (IntType(size=5), IntType(size=2)))
18  - - - - - - - - - Struct def autogenerated
18  - - - - - - - - - [SUCC] Resolving struct ('__ne__', (IntType(size=5), IntType(size=2)))
18  - - - - - - - - - Resolving struct ('i1', ())
18  - - - - - - - - - Struct def autogenerated
18  - - - - - - - - - [SUCC] Resolving struct ('i1', ())
18  - - - - - - - - - Resolving struct ('__div__', (IntType(size=1), IntType(size=1)))
18  - - - - - - - - - Struct def autogenerated
18  - - - - - - - - - [SUCC] Resolving struct ('__div__', (IntType(size=1), IntType(size=1)))
14  - - - - - - - [SUCC] Resolving struct ('assert_not_equal', (IntType(size=5), IntType(size=2)))
14  - - - - - - - Resolving struct ('i1', ())
14  - - - - - - - Struct def autogenerated
14  - - - - - - - [SUCC] Resolving struct ('i1', ())
14  - - - - - - - Resolving struct ('__sub__', (IntType(size=5), IntType(size=1)))
14  - - - - - - - Struct def autogenerated
14  - - - - - - - [SUCC] Resolving struct ('__sub__', (IntType(size=5), IntType(size=1)))
14  - - - - - - - Resolving struct ('fib', (IntType(size=4),))
16  - - - - - - - - Struct definition at 18
18  - - - - - - - - - Resolving struct ('i1', ())
18  - - - - - - - - - Struct def autogenerated
18  - - - - - - - - - [SUCC] Resolving struct ('i1', ())
18  - - - - - - - - - Resolving struct ('assert_equal', (IntType(size=4), IntType(size=1)))
20  - - - - - - - - - - Struct definition at 8
22  - - - - - - - - - - - Resolving struct ('__eq__', (IntType(size=4), IntType(size=1)))
22  - - - - - - - - - - - Struct def autogenerated
22  - - - - - - - - - - - [SUCC] Resolving struct ('__eq__', (IntType(size=4), IntType(size=1)))
22  - - - - - - - - - - - Resolving struct ('i1', ())
22  - - - - - - - - - - - Struct def autogenerated
22  - - - - - - - - - - - [SUCC] Resolving struct ('i1', ())
22  - - - - - - - - - - - Resolving struct ('__div__', (IntType(size=1), IntType(size=0)))
22  - - - - - - - - - - - [FAIL] Resolving struct ('__div__', (IntType(size=1), IntType(size=0)))
20  - - - - - - - - - - [ERR] Can't infer for op __div__!
20  - - - - - - - - - - Cant infer statement                            at line 10!
18  - - - - - - - - - [FAIL] Resolving struct ('assert_equal', (IntType(size=4), IntType(size=1)))
16  - - - - - - - - [ERR] Can't infer type assert_equal!
16  - - - - - - - - Cant infer statement                            at line 19!
16  - - - - - - - - Struct definition at 22
18  - - - - - - - - - Resolving struct ('i2', ())
18  - - - - - - - - - Struct def autogenerated
18  - - - - - - - - - [SUCC] Resolving struct ('i2', ())
18  - - - - - - - - - Resolving struct ('assert_equal', (IntType(size=4), IntType(size=2)))
20  - - - - - - - - - - Struct definition at 8
22  - - - - - - - - - - - Resolving struct ('__eq__', (IntType(size=4), IntType(size=2)))
22  - - - - - - - - - - - Struct def autogenerated
22  - - - - - - - - - - - [SUCC] Resolving struct ('__eq__', (IntType(size=4), IntType(size=2)))
22  - - - - - - - - - - - Resolving struct ('i1', ())
22  - - - - - - - - - - - Struct def autogenerated
22  - - - - - - - - - - - [SUCC] Resolving struct ('i1', ())
22  - - - - - - - - - - - Resolving struct ('__div__', (IntType(size=1), IntType(size=0)))
22  - - - - - - - - - - - [FAIL] Resolving struct ('__div__', (IntType(size=1), IntType(size=0)))
20  - - - - - - - - - - [ERR] Can't infer for op __div__!
20  - - - - - - - - - - Cant infer statement                            at line 10!
18  - - - - - - - - - [FAIL] Resolving struct ('assert_equal', (IntType(size=4), IntType(size=2)))
16  - - - - - - - - [ERR] Can't infer type assert_equal!
16  - - - - - - - - Cant infer statement                            at line 23!
16  - - - - - - - - Struct definition at 27
18  - - - - - - - - - Resolving struct ('i1', ())
18  - - - - - - - - - Struct def autogenerated
18  - - - - - - - - - [SUCC] Resolving struct ('i1', ())
18  - - - - - - - - - Resolving struct ('assert_not_equal', (IntType(size=4), IntType(size=1)))
20  - - - - - - - - - - Struct definition at 13
22  - - - - - - - - - - - Resolving struct ('__ne__', (IntType(size=4), IntType(size=1)))
22  - - - - - - - - - - - Struct def autogenerated
22  - - - - - - - - - - - [SUCC] Resolving struct ('__ne__', (IntType(size=4), IntType(size=1)))
22  - - - - - - - - - - - Resolving struct ('i1', ())
22  - - - - - - - - - - - Struct def autogenerated
22  - - - - - - - - - - - [SUCC] Resolving struct ('i1', ())
22  - - - - - - - - - - - Resolving struct ('__div__', (IntType(size=1), IntType(size=1)))
22  - - - - - - - - - - - Struct def autogenerated
22  - - - - - - - - - - - [SUCC] Resolving struct ('__div__', (IntType(size=1), IntType(size=1)))
18  - - - - - - - - - [SUCC] Resolving struct ('assert_not_equal', (IntType(size=4), IntType(size=1)))
18  - - - - - - - - - Resolving struct ('i2', ())
18  - - - - - - - - - Struct def autogenerated
18  - - - - - - - - - [SUCC] Resolving struct ('i2', ())
18  - - - - - - - - - Resolving struct ('assert_not_equal', (IntType(size=4), IntType(size=2)))
20  - - - - - - - - - - Struct definition at 13
22  - - - - - - - - - - - Resolving struct ('__ne__', (IntType(size=4), IntType(size=2)))
22  - - - - - - - - - - - Struct def autogenerated
22  - - - - - - - - - - - [SUCC] Resolving struct ('__ne__', (IntType(size=4), IntType(size=2)))
22  - - - - - - - - - - - Resolving struct ('i1', ())
22  - - - - - - - - - - - Struct def autogenerated
22  - - - - - - - - - - - [SUCC] Resolving struct ('i1', ())
22  - - - - - - - - - - - Resolving struct ('__div__', (IntType(size=1), IntType(size=1)))
22  - - - - - - - - - - - Struct def autogenerated
22  - - - - - - - - - - - [SUCC] Resolving struct ('__div__', (IntType(size=1), IntType(size=1)))
18  - - - - - - - - - [SUCC] Resolving struct ('assert_not_equal', (IntType(size=4), IntType(size=2)))
18  - - - - - - - - - Resolving struct ('i1', ())
18  - - - - - - - - - Struct def autogenerated
18  - - - - - - - - - [SUCC] Resolving struct ('i1', ())
18  - - - - - - - - - Resolving struct ('__sub__', (IntType(size=4), IntType(size=1)))
18  - - - - - - - - - Struct def autogenerated
18  - - - - - - - - - [SUCC] Resolving struct ('__sub__', (IntType(size=4), IntType(size=1)))
18  - - - - - - - - - Resolving struct ('fib', (IntType(size=3),))
20  - - - - - - - - - - Struct definition at 18
22  - - - - - - - - - - - Resolving struct ('i1', ())
22  - - - - - - - - - - - Struct def autogenerated
22  - - - - - - - - - - - [SUCC] Resolving struct ('i1', ())
22  - - - - - - - - - - - Resolving struct ('assert_equal', (IntType(size=3), IntType(size=1)))
24  - - - - - - - - - - - - Struct definition at 8
26  - - - - - - - - - - - - - Resolving struct ('__eq__', (IntType(size=3), IntType(size=1)))
26  - - - - - - - - - - - - - Struct def autogenerated
26  - - - - - - - - - - - - - [SUCC] Resolving struct ('__eq__', (IntType(size=3), IntType(size=1)))
26  - - - - - - - - - - - - - Resolving struct ('i1', ())
26  - - - - - - - - - - - - - Struct def autogenerated
26  - - - - - - - - - - - - - [SUCC] Resolving struct ('i1', ())
26  - - - - - - - - - - - - - Resolving struct ('__div__', (IntType(size=1), IntType(size=0)))
26  - - - - - - - - - - - - - [FAIL] Resolving struct ('__div__', (IntType(size=1), IntType(size=0)))
24  - - - - - - - - - - - - [ERR] Can't infer for op __div__!
24  - - - - - - - - - - - - Cant infer statement                            at line 10!
22  - - - - - - - - - - - [FAIL] Resolving struct ('assert_equal', (IntType(size=3), IntType(size=1)))
20  - - - - - - - - - - [ERR] Can't infer type assert_equal!
20  - - - - - - - - - - Cant infer statement                            at line 19!
20  - - - - - - - - - - Struct definition at 22
22  - - - - - - - - - - - Resolving struct ('i2', ())
22  - - - - - - - - - - - Struct def autogenerated
22  - - - - - - - - - - - [SUCC] Resolving struct ('i2', ())
22  - - - - - - - - - - - Resolving struct ('assert_equal', (IntType(size=3), IntType(size=2)))
24  - - - - - - - - - - - - Struct definition at 8
26  - - - - - - - - - - - - - Resolving struct ('__eq__', (IntType(size=3), IntType(size=2)))
26  - - - - - - - - - - - - - Struct def autogenerated
26  - - - - - - - - - - - - - [SUCC] Resolving struct ('__eq__', (IntType(size=3), IntType(size=2)))
26  - - - - - - - - - - - - - Resolving struct ('i1', ())
26  - - - - - - - - - - - - - Struct def autogenerated
26  - - - - - - - - - - - - - [SUCC] Resolving struct ('i1', ())
26  - - - - - - - - - - - - - Resolving struct ('__div__', (IntType(size=1), IntType(size=0)))
26  - - - - - - - - - - - - - [FAIL] Resolving struct ('__div__', (IntType(size=1), IntType(size=0)))
24  - - - - - - - - - - - - [ERR] Can't infer for op __div__!
24  - - - - - - - - - - - - Cant infer statement                            at line 10!
22  - - - - - - - - - - - [FAIL] Resolving struct ('assert_equal', (IntType(size=3), IntType(size=2)))
20  - - - - - - - - - - [ERR] Can't infer type assert_equal!
20  - - - - - - - - - - Cant infer statement                            at line 23!
20  - - - - - - - - - - Struct definition at 27
22  - - - - - - - - - - - Resolving struct ('i1', ())
22  - - - - - - - - - - - Struct def autogenerated
22  - - - - - - - - - - - [SUCC] Resolving struct ('i1', ())
22  - - - - - - - - - - - Resolving struct ('assert_not_equal', (IntType(size=3), IntType(size=1)))
24  - - - - - - - - - - - - Struct definition at 13
26  - - - - - - - - - - - - - Resolving struct ('__ne__', (IntType(size=3), IntType(size=1)))
26  - - - - - - - - - - - - - Struct def autogenerated
26  - - - - - - - - - - - - - [SUCC] Resolving struct ('__ne__', (IntType(size=3), IntType(size=1)))
26  - - - - - - - - - - - - - Resolving struct ('i1', ())
26  - - - - - - - - - - - - - Struct def autogenerated
26  - - - - - - - - - - - - - [SUCC] Resolving struct ('i1', ())
26  - - - - - - - - - - - - - Resolving struct ('__div__', (IntType(size=1), IntType(size=1)))
26  - - - - - - - - - - - - - Struct def autogenerated
26  - - - - - - - - - - - - - [SUCC] Resolving struct ('__div__', (IntType(size=1), IntType(size=1)))
22  - - - - - - - - - - - [SUCC] Resolving struct ('assert_not_equal', (IntType(size=3), IntType(size=1)))
22  - - - - - - - - - - - Resolving struct ('i2', ())
22  - - - - - - - - - - - Struct def autogenerated
22  - - - - - - - - - - - [SUCC] Resolving struct ('i2', ())
22  - - - - - - - - - - - Resolving struct ('assert_not_equal', (IntType(size=3), IntType(size=2)))
24  - - - - - - - - - - - - Struct definition at 13
26  - - - - - - - - - - - - - Resolving struct ('__ne__', (IntType(size=3), IntType(size=2)))
26  - - - - - - - - - - - - - Struct def autogenerated
26  - - - - - - - - - - - - - [SUCC] Resolving struct ('__ne__', (IntType(size=3), IntType(size=2)))
26  - - - - - - - - - - - - - Resolving struct ('i1', ())
26  - - - - - - - - - - - - - Struct def autogenerated
26  - - - - - - - - - - - - - [SUCC] Resolving struct ('i1', ())
26  - - - - - - - - - - - - - Resolving struct ('__div__', (IntType(size=1), IntType(size=1)))
26  - - - - - - - - - - - - - Struct def autogenerated
26  - - - - - - - - - - - - - [SUCC] Resolving struct ('__div__', (IntType(size=1), IntType(size=1)))
22  - - - - - - - - - - - [SUCC] Resolving struct ('assert_not_equal', (IntType(size=3), IntType(size=2)))
22  - - - - - - - - - - - Resolving struct ('i1', ())
22  - - - - - - - - - - - Struct def autogenerated
22  - - - - - - - - - - - [SUCC] Resolving struct ('i1', ())
22  - - - - - - - - - - - Resolving struct ('__sub__', (IntType(size=3), IntType(size=1)))
22  - - - - - - - - - - - Struct def autogenerated
22  - - - - - - - - - - - [SUCC] Resolving struct ('__sub__', (IntType(size=3), IntType(size=1)))
22  - - - - - - - - - - - Resolving struct ('fib', (IntType(size=2),))
24  - - - - - - - - - - - - Struct definition at 18
26  - - - - - - - - - - - - - Resolving struct ('i1', ())
26  - - - - - - - - - - - - - Struct def autogenerated
26  - - - - - - - - - - - - - [SUCC] Resolving struct ('i1', ())
26  - - - - - - - - - - - - - Resolving struct ('assert_equal', (IntType(size=2), IntType(size=1)))
28  - - - - - - - - - - - - - - Struct definition at 8
30  - - - - - - - - - - - - - - - Resolving struct ('__eq__', (IntType(size=2), IntType(size=1)))
30  - - - - - - - - - - - - - - - Struct def autogenerated
30  - - - - - - - - - - - - - - - [SUCC] Resolving struct ('__eq__', (IntType(size=2), IntType(size=1)))
30  - - - - - - - - - - - - - - - Resolving struct ('i1', ())
30  - - - - - - - - - - - - - - - Struct def autogenerated
30  - - - - - - - - - - - - - - - [SUCC] Resolving struct ('i1', ())
30  - - - - - - - - - - - - - - - Resolving struct ('__div__', (IntType(size=1), IntType(size=0)))
30  - - - - - - - - - - - - - - - [FAIL] Resolving struct ('__div__', (IntType(size=1), IntType(size=0)))
28  - - - - - - - - - - - - - - [ERR] Can't infer for op __div__!
28  - - - - - - - - - - - - - - Cant infer statement                            at line 10!
26  - - - - - - - - - - - - - [FAIL] Resolving struct ('assert_equal', (IntType(size=2), IntType(size=1)))
24  - - - - - - - - - - - - [ERR] Can't infer type assert_equal!
24  - - - - - - - - - - - - Cant infer statement                            at line 19!
24  - - - - - - - - - - - - Struct definition at 22
26  - - - - - - - - - - - - - Resolving struct ('i2', ())
26  - - - - - - - - - - - - - Struct def autogenerated
26  - - - - - - - - - - - - - [SUCC] Resolving struct ('i2', ())
26  - - - - - - - - - - - - - Resolving struct ('assert_equal', (IntType(size=2), IntType(size=2)))
28  - - - - - - - - - - - - - - Struct definition at 8
30  - - - - - - - - - - - - - - - Resolving struct ('__eq__', (IntType(size=2), IntType(size=2)))
30  - - - - - - - - - - - - - - - Struct def autogenerated
30  - - - - - - - - - - - - - - - [SUCC] Resolving struct ('__eq__', (IntType(size=2), IntType(size=2)))
30  - - - - - - - - - - - - - - - Resolving struct ('i1', ())
30  - - - - - - - - - - - - - - - Struct def autogenerated
30  - - - - - - - - - - - - - - - [SUCC] Resolving struct ('i1', ())
30  - - - - - - - - - - - - - - - Resolving struct ('__div__', (IntType(size=1), IntType(size=1)))
30  - - - - - - - - - - - - - - - Struct def autogenerated
30  - - - - - - - - - - - - - - - [SUCC] Resolving struct ('__div__', (IntType(size=1), IntType(size=1)))
26  - - - - - - - - - - - - - [SUCC] Resolving struct ('assert_equal', (IntType(size=2), IntType(size=2)))
26  - - - - - - - - - - - - - Resolving struct ('i1', ())
26  - - - - - - - - - - - - - Struct def autogenerated
26  - - - - - - - - - - - - - [SUCC] Resolving struct ('i1', ())
24  - - - - - - - - - - - - Struct definition at 27
26  - - - - - - - - - - - - - Resolving struct ('i1', ())
26  - - - - - - - - - - - - - Struct def autogenerated
26  - - - - - - - - - - - - - [SUCC] Resolving struct ('i1', ())
26  - - - - - - - - - - - - - Resolving struct ('assert_not_equal', (IntType(size=2), IntType(size=1)))
28  - - - - - - - - - - - - - - Struct definition at 13
30  - - - - - - - - - - - - - - - Resolving struct ('__ne__', (IntType(size=2), IntType(size=1)))
30  - - - - - - - - - - - - - - - Struct def autogenerated
30  - - - - - - - - - - - - - - - [SUCC] Resolving struct ('__ne__', (IntType(size=2), IntType(size=1)))
30  - - - - - - - - - - - - - - - Resolving struct ('i1', ())
30  - - - - - - - - - - - - - - - Struct def autogenerated
30  - - - - - - - - - - - - - - - [SUCC] Resolving struct ('i1', ())
30  - - - - - - - - - - - - - - - Resolving struct ('__div__', (IntType(size=1), IntType(size=1)))
30  - - - - - - - - - - - - - - - Struct def autogenerated
30  - - - - - - - - - - - - - - - [SUCC] Resolving struct ('__div__', (IntType(size=1), IntType(size=1)))
26  - - - - - - - - - - - - - [SUCC] Resolving struct ('assert_not_equal', (IntType(size=2), IntType(size=1)))
26  - - - - - - - - - - - - - Resolving struct ('i2', ())
26  - - - - - - - - - - - - - Struct def autogenerated
26  - - - - - - - - - - - - - [SUCC] Resolving struct ('i2', ())
26  - - - - - - - - - - - - - Resolving struct ('assert_not_equal', (IntType(size=2), IntType(size=2)))
28  - - - - - - - - - - - - - - Struct definition at 13
30  - - - - - - - - - - - - - - - Resolving struct ('__ne__', (IntType(size=2), IntType(size=2)))
30  - - - - - - - - - - - - - - - Struct def autogenerated
30  - - - - - - - - - - - - - - - [SUCC] Resolving struct ('__ne__', (IntType(size=2), IntType(size=2)))
30  - - - - - - - - - - - - - - - Resolving struct ('i1', ())
30  - - - - - - - - - - - - - - - Struct def autogenerated
30  - - - - - - - - - - - - - - - [SUCC] Resolving struct ('i1', ())
30  - - - - - - - - - - - - - - - Resolving struct ('__div__', (IntType(size=1), IntType(size=0)))
30  - - - - - - - - - - - - - - - [FAIL] Resolving struct ('__div__', (IntType(size=1), IntType(size=0)))
28  - - - - - - - - - - - - - - [ERR] Can't infer for op __div__!
28  - - - - - - - - - - - - - - Cant infer statement                            at line 15!
26  - - - - - - - - - - - - - [FAIL] Resolving struct ('assert_not_equal', (IntType(size=2), IntType(size=2)))
24  - - - - - - - - - - - - [ERR] Can't infer type assert_not_equal!
24  - - - - - - - - - - - - Cant infer statement                            at line 29!
22  - - - - - - - - - - - [SUCC] Resolving struct ('fib', (IntType(size=2),))
22  - - - - - - - - - - - Resolving struct ('i2', ())
22  - - - - - - - - - - - Struct def autogenerated
22  - - - - - - - - - - - [SUCC] Resolving struct ('i2', ())
22  - - - - - - - - - - - Resolving struct ('__sub__', (IntType(size=3), IntType(size=2)))
22  - - - - - - - - - - - Struct def autogenerated
22  - - - - - - - - - - - [SUCC] Resolving struct ('__sub__', (IntType(size=3), IntType(size=2)))
22  - - - - - - - - - - - Resolving struct ('fib', (IntType(size=1),))
24  - - - - - - - - - - - - Struct definition at 18
26  - - - - - - - - - - - - - Resolving struct ('i1', ())
26  - - - - - - - - - - - - - Struct def autogenerated
26  - - - - - - - - - - - - - [SUCC] Resolving struct ('i1', ())
26  - - - - - - - - - - - - - Resolving struct ('assert_equal', (IntType(size=1), IntType(size=1)))
28  - - - - - - - - - - - - - - Struct definition at 8
30  - - - - - - - - - - - - - - - Resolving struct ('__eq__', (IntType(size=1), IntType(size=1)))
30  - - - - - - - - - - - - - - - Struct def autogenerated
30  - - - - - - - - - - - - - - - [SUCC] Resolving struct ('__eq__', (IntType(size=1), IntType(size=1)))
30  - - - - - - - - - - - - - - - Resolving struct ('i1', ())
30  - - - - - - - - - - - - - - - Struct def autogenerated
30  - - - - - - - - - - - - - - - [SUCC] Resolving struct ('i1', ())
30  - - - - - - - - - - - - - - - Resolving struct ('__div__', (IntType(size=1), IntType(size=1)))
30  - - - - - - - - - - - - - - - Struct def autogenerated
30  - - - - - - - - - - - - - - - [SUCC] Resolving struct ('__div__', (IntType(size=1), IntType(size=1)))
26  - - - - - - - - - - - - - [SUCC] Resolving struct ('assert_equal', (IntType(size=1), IntType(size=1)))
26  - - - - - - - - - - - - - Resolving struct ('i1', ())
26  - - - - - - - - - - - - - Struct def autogenerated
26  - - - - - - - - - - - - - [SUCC] Resolving struct ('i1', ())
24  - - - - - - - - - - - - Struct definition at 22
26  - - - - - - - - - - - - - Resolving struct ('i2', ())
26  - - - - - - - - - - - - - Struct def autogenerated
26  - - - - - - - - - - - - - [SUCC] Resolving struct ('i2', ())
26  - - - - - - - - - - - - - Resolving struct ('assert_equal', (IntType(size=1), IntType(size=2)))
28  - - - - - - - - - - - - - - Struct definition at 8
30  - - - - - - - - - - - - - - - Resolving struct ('__eq__', (IntType(size=1), IntType(size=2)))
30  - - - - - - - - - - - - - - - Struct def autogenerated
30  - - - - - - - - - - - - - - - [SUCC] Resolving struct ('__eq__', (IntType(size=1), IntType(size=2)))
30  - - - - - - - - - - - - - - - Resolving struct ('i1', ())
30  - - - - - - - - - - - - - - - Struct def autogenerated
30  - - - - - - - - - - - - - - - [SUCC] Resolving struct ('i1', ())
30  - - - - - - - - - - - - - - - Resolving struct ('__div__', (IntType(size=1), IntType(size=0)))
30  - - - - - - - - - - - - - - - [FAIL] Resolving struct ('__div__', (IntType(size=1), IntType(size=0)))
28  - - - - - - - - - - - - - - [ERR] Can't infer for op __div__!
28  - - - - - - - - - - - - - - Cant infer statement                            at line 10!
26  - - - - - - - - - - - - - [FAIL] Resolving struct ('assert_equal', (IntType(size=1), IntType(size=2)))
24  - - - - - - - - - - - - [ERR] Can't infer type assert_equal!
24  - - - - - - - - - - - - Cant infer statement                            at line 23!
24  - - - - - - - - - - - - Struct definition at 27
26  - - - - - - - - - - - - - Resolving struct ('i1', ())
26  - - - - - - - - - - - - - Struct def autogenerated
26  - - - - - - - - - - - - - [SUCC] Resolving struct ('i1', ())
26  - - - - - - - - - - - - - Resolving struct ('assert_not_equal', (IntType(size=1), IntType(size=1)))
28  - - - - - - - - - - - - - - Struct definition at 13
30  - - - - - - - - - - - - - - - Resolving struct ('__ne__', (IntType(size=1), IntType(size=1)))
30  - - - - - - - - - - - - - - - Struct def autogenerated
30  - - - - - - - - - - - - - - - [SUCC] Resolving struct ('__ne__', (IntType(size=1), IntType(size=1)))
30  - - - - - - - - - - - - - - - Resolving struct ('i1', ())
30  - - - - - - - - - - - - - - - Struct def autogenerated
30  - - - - - - - - - - - - - - - [SUCC] Resolving struct ('i1', ())
30  - - - - - - - - - - - - - - - Resolving struct ('__div__', (IntType(size=1), IntType(size=0)))
30  - - - - - - - - - - - - - - - [FAIL] Resolving struct ('__div__', (IntType(size=1), IntType(size=0)))
28  - - - - - - - - - - - - - - [ERR] Can't infer for op __div__!
28  - - - - - - - - - - - - - - Cant infer statement                            at line 15!
26  - - - - - - - - - - - - - [FAIL] Resolving struct ('assert_not_equal', (IntType(size=1), IntType(size=1)))
24  - - - - - - - - - - - - [ERR] Can't infer type assert_not_equal!
24  - - - - - - - - - - - - Cant infer statement                            at line 28!
22  - - - - - - - - - - - [SUCC] Resolving struct ('fib', (IntType(size=1),))
22  - - - - - - - - - - - Resolving struct ('__add__', (IntType(size=1), IntType(size=1)))
22  - - - - - - - - - - - Struct def autogenerated
22  - - - - - - - - - - - [SUCC] Resolving struct ('__add__', (IntType(size=1), IntType(size=1)))
18  - - - - - - - - - [SUCC] Resolving struct ('fib', (IntType(size=3),))
18  - - - - - - - - - Resolving struct ('i2', ())
18  - - - - - - - - - Struct def autogenerated
18  - - - - - - - - - [SUCC] Resolving struct ('i2', ())
18  - - - - - - - - - Resolving struct ('__sub__', (IntType(size=4), IntType(size=2)))
18  - - - - - - - - - Struct def autogenerated
18  - - - - - - - - - [SUCC] Resolving struct ('__sub__', (IntType(size=4), IntType(size=2)))
18  - - - - - - - - - Resolving struct ('fib', (IntType(size=2),))
18  - - - - - - - - - [SUCC] Resolving struct ('fib', (IntType(size=2),))
18  - - - - - - - - - Resolving struct ('__add__', (IntType(size=2), IntType(size=1)))
18  - - - - - - - - - Struct def autogenerated
18  - - - - - - - - - [SUCC] Resolving struct ('__add__', (IntType(size=2), IntType(size=1)))
14  - - - - - - - [SUCC] Resolving struct ('fib', (IntType(size=4),))
14  - - - - - - - Resolving struct ('i2', ())
14  - - - - - - - Struct def autogenerated
14  - - - - - - - [SUCC] Resolving struct ('i2', ())
14  - - - - - - - Resolving struct ('__sub__', (IntType(size=5), IntType(size=2)))
14  - - - - - - - Struct def autogenerated
14  - - - - - - - [SUCC] Resolving struct ('__sub__', (IntType(size=5), IntType(size=2)))
14  - - - - - - - Resolving struct ('fib', (IntType(size=3),))
14  - - - - - - - [SUCC] Resolving struct ('fib', (IntType(size=3),))
14  - - - - - - - Resolving struct ('__add__', (IntType(size=3), IntType(size=2)))
14  - - - - - - - Struct def autogenerated
14  - - - - - - - [SUCC] Resolving struct ('__add__', (IntType(size=3), IntType(size=2)))
10  - - - - - [SUCC] Resolving struct ('fib', (IntType(size=5),))
10  - - - - - Resolving struct ('i32', ())
10  - - - - - Struct def autogenerated
10  - - - - - [SUCC] Resolving struct ('i32', ())
