This is pdfTeX, Version 3.141592653-2.6-1.40.22 (MiKTeX 21.3) (preloaded format=pdflatex 2021.5.8)  18 MAY 2021 08:48
entering extended mode
**./diplomski.tex
(diplomski.tex
LaTeX2e <2020-10-01> patch level 4
L3 programming layer <2021-02-18> (fer.cls
Document Class: fer 
(/home/pmihalj/.miktex/texmfs/install/tex/latex/base/report.cls
Document Class: report 2020/04/10 v1.4m Standard LaTeX document class
(/home/pmihalj/.miktex/texmfs/install/tex/latex/base/size12.clo
File: size12.clo 2020/04/10 v1.4m Standard LaTeX file (size option)
)
\c@part=\count179
\c@chapter=\count180
\c@section=\count181
\c@subsection=\count182
\c@subsubsection=\count183
\c@paragraph=\count184
\c@subparagraph=\count185
\c@figure=\count186
\c@table=\count187
\abovecaptionskip=\skip47
\belowcaptionskip=\skip48
\bibindent=\dimen138
)
(/home/pmihalj/.miktex/texmfs/install/tex/latex/geometry/geometry.sty
Package: geometry 2020/01/02 v5.9 Page Geometry

(/home/pmihalj/.miktex/texmfs/install/tex/latex/graphics/keyval.sty
Package: keyval 2014/10/28 v1.15 key=value parser (DPC)
\KV@toks@=\toks15
)
(/home/pmihalj/.miktex/texmfs/install/tex/generic/iftex/ifvtex.sty
Package: ifvtex 2019/10/25 v1.7 ifvtex legacy package. Use iftex instead.

(/home/pmihalj/.miktex/texmfs/install/tex/generic/iftex/iftex.sty
Package: iftex 2020/03/06 v1.0d TeX engine tests
))
\Gm@cnth=\count188
\Gm@cntv=\count189
\c@Gm@tempcnt=\count190
\Gm@bindingoffset=\dimen139
\Gm@wd@mp=\dimen140
\Gm@odd@mp=\dimen141
\Gm@even@mp=\dimen142
\Gm@layoutwidth=\dimen143
\Gm@layoutheight=\dimen144
\Gm@layouthoffset=\dimen145
\Gm@layoutvoffset=\dimen146
\Gm@dimlist=\toks16

(/home/pmihalj/.miktex/texmfs/install/tex/latex/geometry/geometry.cfg))
(/home/pmihalj/.miktex/texmfs/install/tex/latex/base/inputenc.sty
Package: inputenc 2020/08/01 v1.3d Input encoding file
\inpenc@prehook=\toks17
\inpenc@posthook=\toks18
)
(/home/pmihalj/.miktex/texmfs/install/tex/latex/base/fontenc.sty
Package: fontenc 2020/08/10 v2.0s Standard LaTeX package
)
(/home/pmihalj/.miktex/texmfs/install/tex/latex/graphics/graphicx.sty
Package: graphicx 2020/09/09 v1.2b Enhanced LaTeX Graphics (DPC,SPQR)

(/home/pmihalj/.miktex/texmfs/install/tex/latex/graphics/graphics.sty
Package: graphics 2020/08/30 v1.4c Standard LaTeX Graphics (DPC,SPQR)

(/home/pmihalj/.miktex/texmfs/install/tex/latex/graphics/trig.sty
Package: trig 2016/01/03 v1.10 sin cos tan (DPC)
)
(/home/pmihalj/.miktex/texmfs/install/tex/latex/graphics-cfg/graphics.cfg
File: graphics.cfg 2016/06/04 v1.11 sample graphics configuration
)
Package graphics Info: Driver file: pdftex.def on input line 105.

(/home/pmihalj/.miktex/texmfs/install/tex/latex/graphics-def/pdftex.def
File: pdftex.def 2020/10/05 v1.2a Graphics/color driver for pdftex
))
\Gin@req@height=\dimen147
\Gin@req@width=\dimen148
)
(/home/pmihalj/.miktex/texmfs/install/tex/latex/amsfonts/amssymb.sty
Package: amssymb 2013/01/14 v3.01 AMS font symbols

(/home/pmihalj/.miktex/texmfs/install/tex/latex/amsfonts/amsfonts.sty
Package: amsfonts 2013/01/14 v3.01 Basic AMSFonts support
\@emptytoks=\toks19
\symAMSa=\mathgroup4
\symAMSb=\mathgroup5
LaTeX Font Info:    Redeclaring math symbol \hbar on input line 98.
LaTeX Font Info:    Overwriting math alphabet `\mathfrak' in version `bold'
(Font)                  U/euf/m/n --> U/euf/b/n on input line 106.
))
(/home/pmihalj/.miktex/texmfs/install/tex/latex/amsmath/amsmath.sty
Package: amsmath 2020/09/23 v2.17i AMS math features
\@mathmargin=\skip49

For additional information on amsmath, use the `?' option.
(/home/pmihalj/.miktex/texmfs/install/tex/latex/amsmath/amstext.sty
Package: amstext 2000/06/29 v2.01 AMS text

(/home/pmihalj/.miktex/texmfs/install/tex/latex/amsmath/amsgen.sty
File: amsgen.sty 1999/11/30 v2.0 generic functions
\@emptytoks=\toks20
\ex@=\dimen149
))
(/home/pmihalj/.miktex/texmfs/install/tex/latex/amsmath/amsbsy.sty
Package: amsbsy 1999/11/29 v1.2d Bold Symbols
\pmbraise@=\dimen150
)
(/home/pmihalj/.miktex/texmfs/install/tex/latex/amsmath/amsopn.sty
Package: amsopn 2016/03/08 v2.02 operator names
)
\inf@bad=\count191
LaTeX Info: Redefining \frac on input line 234.
\uproot@=\count192
\leftroot@=\count193
LaTeX Info: Redefining \overline on input line 399.
\classnum@=\count194
\DOTSCASE@=\count195
LaTeX Info: Redefining \ldots on input line 496.
LaTeX Info: Redefining \dots on input line 499.
LaTeX Info: Redefining \cdots on input line 620.
\Mathstrutbox@=\box47
\strutbox@=\box48
\big@size=\dimen151
LaTeX Font Info:    Redeclaring font encoding OML on input line 743.
LaTeX Font Info:    Redeclaring font encoding OMS on input line 744.
\macc@depth=\count196
\c@MaxMatrixCols=\count197
\dotsspace@=\muskip16
\c@parentequation=\count198
\dspbrk@lvl=\count199
\tag@help=\toks21
\row@=\count266
\column@=\count267
\maxfields@=\count268
\andhelp@=\toks22
\eqnshift@=\dimen152
\alignsep@=\dimen153
\tagshift@=\dimen154
\tagwidth@=\dimen155
\totwidth@=\dimen156
\lineht@=\dimen157
\@envbody=\toks23
\multlinegap=\skip50
\multlinetaggap=\skip51
\mathdisplay@stack=\toks24
LaTeX Info: Redefining \[ on input line 2923.
LaTeX Info: Redefining \] on input line 2924.
)
(/home/pmihalj/.miktex/texmfs/install/tex/latex/base/fixltx2e.sty
Package: fixltx2e 2016/12/29 v2.1a fixes to LaTeX (obsolete)
Applying: [2015/01/01] Old fixltx2e package on input line 46.


Package fixltx2e Warning: fixltx2e is not required with releases after 2015
(fixltx2e)                All fixes are now in the LaTeX kernel.
(fixltx2e)                See the latexrelease package for details.

Already applied: [0000/00/00] Old fixltx2e package on input line 53.
) (/home/pmihalj/.miktex/texmfs/install/tex/latex/caption/caption.sty
Package: caption 2020/10/26 v3.5g Customizing captions (AR)

(/home/pmihalj/.miktex/texmfs/install/tex/latex/caption/caption3.sty
Package: caption3 2020/10/21 v2.2e caption3 kernel (AR)
\captionmargin=\dimen158
\captionmargin@=\dimen159
\captionwidth=\dimen160
\caption@tempdima=\dimen161
\caption@indent=\dimen162
\caption@parindent=\dimen163
\caption@hangindent=\dimen164
Package caption Info: Standard document class detected.
)
\c@caption@flags=\count269
\c@continuedfloat=\count270
)
(/home/pmihalj/.miktex/texmfs/install/tex/latex/base/ifthen.sty
Package: ifthen 2014/09/29 v1.1c Standard LaTeX ifthen package (DPC)
)
(/home/pmihalj/.miktex/texmfs/install/tex/latex/url/url.sty
\Urlmuskip=\muskip17
Package: url 2013/09/16  ver 3.4  Verb mode for urls, etc.
)
(/home/pmihalj/.miktex/texmfs/install/tex/latex/enumitem/enumitem.sty
Package: enumitem 2019/06/20 v3.9 Customized lists
\labelindent=\skip52
\enit@outerparindent=\dimen165
\enit@toks=\toks25
\enit@inbox=\box49
\enit@count@id=\count271
\enitdp@description=\count272
)
(/home/pmihalj/.miktex/texmfs/install/tex/latex/tocbibind/tocbibind.sty
Package: tocbibind 2010/10/13 v1.5k extra ToC listings
Package tocbibind Info: The document has chapter divisions on input line 50.


Package tocbibind Note: Using chapter style headings, unless overridden.

) (/home/pmihalj/.miktex/texmfs/install/tex/latex/psnfss/times.sty
Package: times 2020/03/25 PSNFSS-v9.3 (SPQR) 
)
(/home/pmihalj/.miktex/texmfs/install/tex/latex/natbib/natbib.sty
Package: natbib 2010/09/13 8.31b (PWD, AO)
\bibhang=\skip53
\bibsep=\skip54
LaTeX Info: Redefining \cite on input line 694.
\c@NAT@ctr=\count273
)
\listindentation=\dimen166
)
(/home/pmihalj/.miktex/texmfs/install/tex/latex/booktabs/booktabs.sty
Package: booktabs 2020/01/12 v1.61803398 Publication quality tables
\heavyrulewidth=\dimen167
\lightrulewidth=\dimen168
\cmidrulewidth=\dimen169
\belowrulesep=\dimen170
\belowbottomsep=\dimen171
\aboverulesep=\dimen172
\abovetopsep=\dimen173
\cmidrulesep=\dimen174
\cmidrulekern=\dimen175
\defaultaddspace=\dimen176
\@cmidla=\count274
\@cmidlb=\count275
\@aboverulesep=\dimen177
\@belowrulesep=\dimen178
\@thisruleclass=\count276
\@lastruleclass=\count277
\@thisrulewidth=\dimen179
)
(/home/pmihalj/.miktex/texmfs/install/tex/latex/pdfpages/pdfpages.sty
Package: pdfpages 2021/03/06 v0.5t Insert pages of external PDF documents (AM)

(/home/pmihalj/.miktex/texmfs/install/tex/latex/latex-tools/calc.sty
Package: calc 2017/05/25 v4.3 Infix arithmetic (KKT,FJ)
\calc@Acount=\count278
\calc@Bcount=\count279
\calc@Adimen=\dimen180
\calc@Bdimen=\dimen181
\calc@Askip=\skip55
\calc@Bskip=\skip56
LaTeX Info: Redefining \setlength on input line 80.
LaTeX Info: Redefining \addtolength on input line 81.
\calc@Ccount=\count280
\calc@Cskip=\skip57
)
(/home/pmihalj/.miktex/texmfs/install/tex/latex/eso-pic/eso-pic.sty
Package: eso-pic 2020/10/14 v3.0a eso-pic (RN)
\ESO@tempdima=\dimen182
\ESO@tempdimb=\dimen183

(/home/pmihalj/.miktex/texmfs/install/tex/latex/xcolor/xcolor.sty
Package: xcolor 2016/05/11 v2.12 LaTeX color extensions (UK)

(/home/pmihalj/.miktex/texmfs/install/tex/latex/graphics-cfg/color.cfg
File: color.cfg 2016/01/02 v1.6 sample color configuration
)
Package xcolor Info: Driver file: pdftex.def on input line 225.
Package xcolor Info: Model `cmy' substituted by `cmy0' on input line 1348.
Package xcolor Info: Model `hsb' substituted by `rgb' on input line 1352.
Package xcolor Info: Model `RGB' extended on input line 1364.
Package xcolor Info: Model `HTML' substituted by `rgb' on input line 1366.
Package xcolor Info: Model `Hsb' substituted by `hsb' on input line 1367.
Package xcolor Info: Model `tHsb' substituted by `hsb' on input line 1368.
Package xcolor Info: Model `HSB' substituted by `hsb' on input line 1369.
Package xcolor Info: Model `Gray' substituted by `gray' on input line 1370.
Package xcolor Info: Model `wave' substituted by `hsb' on input line 1371.
))
\AM@pagewidth=\dimen184
\AM@pageheight=\dimen185
\AM@fboxrule=\dimen186

(/home/pmihalj/.miktex/texmfs/install/tex/latex/pdfpages/pppdftex.def
File: pppdftex.def 2021/03/06 v0.5t Pdfpages driver for pdfTeX (AM)
)
\pdfpages@includegraphics@status=\count281
\AM@pagebox=\box50
\AM@global@opts=\toks26
\AM@pagecnt=\count282
\AM@toc@title=\toks27
\c@AM@survey=\count283
\AM@templatesizebox=\box51
)
(/home/pmihalj/.miktex/texmfs/install/tex/generic/catchfile/catchfile.sty
Package: catchfile 2019/12/09 v1.8 Catch the contents of a file (HO)

(/home/pmihalj/.miktex/texmfs/install/tex/generic/infwarerr/infwarerr.sty
Package: infwarerr 2019/12/03 v1.5 Providing info/warning/error messages (HO)
)
(/home/pmihalj/.miktex/texmfs/install/tex/generic/ltxcmds/ltxcmds.sty
Package: ltxcmds 2020-05-10 v1.25 LaTeX kernel commands for general use (HO)
)
(/home/pmihalj/.miktex/texmfs/install/tex/generic/etexcmds/etexcmds.sty
Package: etexcmds 2019/12/15 v1.7 Avoid name clashes with e-TeX commands (HO)
))
(/home/pmihalj/.miktex/texmfs/install/tex/latex/l3packages/xparse/xparse.sty
(/home/pmihalj/.miktex/texmfs/install/tex/latex/l3kernel/expl3.sty
Package: expl3 2021-02-18 L3 programming layer (loader) 

(/home/pmihalj/.miktex/texmfs/install/tex/latex/l3backend/l3backend-pdftex.def
File: l3backend-pdftex.def 2021-03-18 L3 backend support: PDF output (pdfTeX)
\l__color_backend_stack_int=\count284
\l__pdf_internal_box=\box52
))
(/home/pmihalj/.miktex/texmfs/install/tex/latex/l3packages/xparse/xparse-2020-1
0-01.sty
(/home/pmihalj/.miktex/texmfs/install/tex/latex/l3packages/xparse/xparse-generi
c.tex))) (/home/pmihalj/.miktex/texmfs/install/tex/latex/listings/listings.sty
\lst@mode=\count285
\lst@gtempboxa=\box53
\lst@token=\toks28
\lst@length=\count286
\lst@currlwidth=\dimen187
\lst@column=\count287
\lst@pos=\count288
\lst@lostspace=\dimen188
\lst@width=\dimen189
\lst@newlines=\count289
\lst@lineno=\count290
\lst@maxwidth=\dimen190

(/home/pmihalj/.miktex/texmfs/install/tex/latex/listings/lstmisc.sty
File: lstmisc.sty 2020/03/24 1.8d (Carsten Heinz)
\c@lstnumber=\count291
\lst@skipnumbers=\count292
\lst@framebox=\box54
)
(/home/pmihalj/.miktex/texmfs/install/tex/latex/listings/listings.cfg
File: listings.cfg 2020/03/24 1.8d listings configuration
))
Package: listings 2020/03/24 1.8d (Carsten Heinz)

(/home/pmihalj/.miktex/texmfs/install/tex/latex/amscls/amsthm.sty
Package: amsthm 2020/05/29 v2.20.6
\thm@style=\toks29
\thm@bodyfont=\toks30
\thm@headfont=\toks31
\thm@notefont=\toks32
\thm@headpunct=\toks33
\thm@preskip=\skip58
\thm@postskip=\skip59
\thm@headsep=\skip60
\dth@everypar=\toks34
)
\c@definition=\count293
 ()
LaTeX Font Info:    Trying to load font information for T1+ptm on input line 33
.

(/home/pmihalj/.miktex/texmfs/install/tex/latex/psnfss/t1ptm.fd
File: t1ptm.fd 2001/06/04 font definitions for T1/ptm.
)
(/home/pmihalj/agt/paper/build/diplomski.aux)
\openout1 = `diplomski.aux'.

LaTeX Font Info:    Checking defaults for OML/cmm/m/it on input line 33.
LaTeX Font Info:    ... okay on input line 33.
LaTeX Font Info:    Checking defaults for OMS/cmsy/m/n on input line 33.
LaTeX Font Info:    ... okay on input line 33.
LaTeX Font Info:    Checking defaults for OT1/cmr/m/n on input line 33.
LaTeX Font Info:    ... okay on input line 33.
LaTeX Font Info:    Checking defaults for T1/cmr/m/n on input line 33.
LaTeX Font Info:    ... okay on input line 33.
LaTeX Font Info:    Checking defaults for TS1/cmr/m/n on input line 33.
LaTeX Font Info:    ... okay on input line 33.
LaTeX Font Info:    Checking defaults for OMX/cmex/m/n on input line 33.
LaTeX Font Info:    ... okay on input line 33.
LaTeX Font Info:    Checking defaults for U/cmr/m/n on input line 33.
LaTeX Font Info:    ... okay on input line 33.

*geometry* driver: auto-detecting
*geometry* detected driver: pdftex
*geometry* verbose mode - [ preamble ] result:
* driver: pdftex
* paper: a4paper
* layout: <same size as paper>
* layoutoffset:(h,v)=(0.0pt,0.0pt)
* modes: 
* h-part:(L,W,R)=(99.58464pt, 412.56497pt, 85.35826pt)
* v-part:(T,H,B)=(85.35826pt, 674.33032pt, 85.35826pt)
* \paperwidth=597.50787pt
* \paperheight=845.04684pt
* \textwidth=412.56497pt
* \textheight=674.33032pt
* \oddsidemargin=27.31465pt
* \evensidemargin=27.31465pt
* \topmargin=-23.91173pt
* \headheight=12.0pt
* \headsep=25.0pt
* \topskip=12.0pt
* \footskip=30.0pt
* \marginparwidth=44.0pt
* \marginparsep=10.0pt
* \columnsep=10.0pt
* \skip\footins=10.8pt plus 4.0pt minus 2.0pt
* \hoffset=0.0pt
* \voffset=0.0pt
* \mag=1000
* \@twocolumnfalse
* \@twosidefalse
* \@mparswitchfalse
* \@reversemarginfalse
* (1in=72.27pt=25.4mm, 1cm=28.453pt)

(/home/pmihalj/.miktex/texmfs/install/tex/context/base/mkii/supp-pdf.mkii
[Loading MPS to PDF converter (version 2006.09.02).]
\scratchcounter=\count294
\scratchdimen=\dimen191
\scratchbox=\box55
\nofMPsegments=\count295
\nofMParguments=\count296
\everyMPshowfont=\toks35
\MPscratchCnt=\count297
\MPscratchDim=\dimen192
\MPnumerator=\count298
\makeMPintoPDFobject=\count299
\everyMPtoPDFconversion=\toks36
)
(/home/pmihalj/.miktex/texmfs/install/tex/latex/epstopdf-pkg/epstopdf-base.sty
Package: epstopdf-base 2020-01-24 v2.11 Base part for package epstopdf
Package epstopdf-base Info: Redefining graphics rule for `.eps' on input line 4
85.

(/home/pmihalj/.miktex/texmfs/install/tex/latex/00miktex/epstopdf-sys.cfg
File: epstopdf-sys.cfg 2021/03/18 v2.0 Configuration of epstopdf for MiKTeX
))
Package caption Info: Begin \AtBeginDocument code.
Package caption Info: listings package is loaded.
Package caption Info: End \AtBeginDocument code.

(/home/pmihalj/.miktex/texmfs/install/tex/latex/pdflscape/pdflscape.sty
Package: pdflscape 2019/12/05 v0.12 Display of landscape pages in PDF (HO)

(/home/pmihalj/.miktex/texmfs/install/tex/latex/graphics/lscape.sty
Package: lscape 2020/05/28 v3.02 Landscape Pages (DPC)
)
Package pdflscape Info: Auto-detected driver: pdftex on input line 81.
)
\c@lstlisting=\count300
LaTeX Font Info:    Trying to load font information for T1+phv on input line 40
.

(/home/pmihalj/.miktex/texmfs/install/tex/latex/psnfss/t1phv.fd
File: t1phv.fd 2020/03/25 scalable font definitions for T1/phv.
)
LaTeX Font Info:    Trying to load font information for U+msa on input line 40.


(/home/pmihalj/.miktex/texmfs/install/tex/latex/amsfonts/umsa.fd
File: umsa.fd 2013/01/14 v3.01 AMS symbols A
)
LaTeX Font Info:    Trying to load font information for U+msb on input line 40.


(/home/pmihalj/.miktex/texmfs/install/tex/latex/amsfonts/umsb.fd
File: umsb.fd 2013/01/14 v3.01 AMS symbols B
) [1

{/home/pmihalj/.miktex/texmfs/data/pdftex/config/pdftex.map}]
</home/pmihalj/agt/paper/res/task.pdf, id=7, 597.23125pt x 845.1575pt>
File: /home/pmihalj/agt/paper/res/task.pdf Graphic file (type pdf)
<use /home/pmihalj/agt/paper/res/task.pdf>
Package pdftex.def Info: /home/pmihalj/agt/paper/res/task.pdf  used on input li
ne 42.
(pdftex.def)             Requested size: 597.22978pt x 845.15544pt.
File: /home/pmihalj/agt/paper/res/task.pdf Graphic file (type pdf)
<use /home/pmihalj/agt/paper/res/task.pdf>
Package pdftex.def Info: /home/pmihalj/agt/paper/res/task.pdf  used on input li
ne 42.
(pdftex.def)             Requested size: 597.22978pt x 845.15544pt.
File: /home/pmihalj/agt/paper/res/task.pdf Graphic file (type pdf)
<use /home/pmihalj/agt/paper/res/task.pdf>
Package pdftex.def Info: /home/pmihalj/agt/paper/res/task.pdf  used on input li
ne 42.
(pdftex.def)             Requested size: 597.22978pt x 845.15544pt.
</home/pmihalj/agt/paper/res/task.pdf, id=11, page=1, 597.23125pt x 845.1575pt>

File: /home/pmihalj/agt/paper/res/task.pdf Graphic file (type pdf)
<use /home/pmihalj/agt/paper/res/task.pdf, page 1>
Package pdftex.def Info: /home/pmihalj/agt/paper/res/task.pdf , page1 used on i
nput line 42.
(pdftex.def)             Requested size: 597.22978pt x 845.15544pt.
File: /home/pmihalj/agt/paper/res/task.pdf Graphic file (type pdf)
<use /home/pmihalj/agt/paper/res/task.pdf, page 1>
Package pdftex.def Info: /home/pmihalj/agt/paper/res/task.pdf , page1 used on i
nput line 42.
(pdftex.def)             Requested size: 597.25711pt x 845.19412pt.
File: /home/pmihalj/agt/paper/res/task.pdf Graphic file (type pdf)
<use /home/pmihalj/agt/paper/res/task.pdf, page 1>
Package pdftex.def Info: /home/pmihalj/agt/paper/res/task.pdf , page1 used on i
nput line 42.
(pdftex.def)             Requested size: 597.25711pt x 845.19412pt.
File: /home/pmihalj/agt/paper/res/task.pdf Graphic file (type pdf)
<use /home/pmihalj/agt/paper/res/task.pdf, page 1>
Package pdftex.def Info: /home/pmihalj/agt/paper/res/task.pdf , page1 used on i
nput line 42.
(pdftex.def)             Requested size: 597.25711pt x 845.19412pt.
File: /home/pmihalj/agt/paper/res/task.pdf Graphic file (type pdf)
<use /home/pmihalj/agt/paper/res/task.pdf, page 1>
Package pdftex.def Info: /home/pmihalj/agt/paper/res/task.pdf , page1 used on i
nput line 42.
(pdftex.def)             Requested size: 597.25711pt x 845.19412pt.
 [1 </home/pmihalj/agt/paper/res/task.pdf>]
</home/pmihalj/agt/paper/res/task.pdf, id=30, page=2, 597.23125pt x 845.1575pt>

File: /home/pmihalj/agt/paper/res/task.pdf Graphic file (type pdf)
<use /home/pmihalj/agt/paper/res/task.pdf, page 2>
Package pdftex.def Info: /home/pmihalj/agt/paper/res/task.pdf , page2 used on i
nput line 42.
(pdftex.def)             Requested size: 597.25711pt x 845.19412pt.
File: /home/pmihalj/agt/paper/res/task.pdf Graphic file (type pdf)
<use /home/pmihalj/agt/paper/res/task.pdf, page 2>
Package pdftex.def Info: /home/pmihalj/agt/paper/res/task.pdf , page2 used on i
nput line 42.
(pdftex.def)             Requested size: 597.25711pt x 845.19412pt.
File: /home/pmihalj/agt/paper/res/task.pdf Graphic file (type pdf)
<use /home/pmihalj/agt/paper/res/task.pdf, page 2>
Package pdftex.def Info: /home/pmihalj/agt/paper/res/task.pdf , page2 used on i
nput line 42.
(pdftex.def)             Requested size: 597.25711pt x 845.19412pt.
 [2 </home/pmihalj/agt/paper/res/task.pdf>] [3]
(/home/pmihalj/agt/paper/build/diplomski.toc)
\tf@toc=\write3
\openout3 = `diplomski.toc'.

 [4

]
Chapter 1.

Overfull \hbox (11.82292pt too wide) in paragraph at lines 68--78
\T1/ptm/m/n/12 because the goal of the thesis was to study the language from th
e application programmers
 []


Overfull \hbox (1.76546pt too wide) in paragraph at lines 68--78
\T1/ptm/m/n/12 AGT specification are meant to allow AGT to be compiled into lin
kable files compatible
 []


Overfull \hbox (2.6884pt too wide) in paragraph at lines 79--84
[]\T1/ptm/m/n/12 The compiler frontend is implemented using Python3 programming
 language, while
 []

[1

]
Overfull \hbox (9.32632pt too wide) in paragraph at lines 87--90
\T1/ptm/m/n/12 This master thesis will gradually introduce the reader to AGT, s
tarting from the simplified
 []


Overfull \hbox (26.55492pt too wide) in paragraph at lines 98--100
[]\T1/ptm/m/n/12 In the last part, we will address the issues AGT has both on d
efinition and implementation
 []

[2]
Chapter 2.
(/home/pmihalj/agt/paper/res/programs/intro.agt
LaTeX Font Info:    Trying to load font information for TS1+ptm on input line 6
.

(/home/pmihalj/.miktex/texmfs/install/tex/latex/psnfss/ts1ptm.fd
File: ts1ptm.fd 2001/06/04 font definitions for TS1/ptm.
))
LaTeX Font Info:    Trying to load font information for T1+pcr on input line 11
2.

(/home/pmihalj/.miktex/texmfs/install/tex/latex/psnfss/t1pcr.fd
File: t1pcr.fd 2001/06/04 font definitions for T1/pcr.
)
Overfull \hbox (9.43134pt too wide) in paragraph at lines 115--119
[]\T1/ptm/m/n/12 A \T1/pcr/m/n/12 let <x> = <y>; \T1/ptm/m/n/12 construct is \T
1/ptm/m/it/12 initialization assignment \T1/ptm/m/n/12 statement. This roughly
 []

[3

]
Overfull \hbox (25.35991pt too wide) in paragraph at lines 134--138
\T1/ptm/m/n/12 namely the abscence of types in the definition of function \T1/p
cr/m/n/12 mul\T1/ptm/m/n/12 . While some \T1/pcr/m/n/12 dynamically
 []

[4]
Chapter 3.

Overfull \hbox (2.66528pt too wide) in paragraph at lines 167--168
[]\T1/ptm/m/n/12 Semantical analysis - transforming the syntax tree into a cont
ext aware semantical
 []


Overfull \hbox (3.85367pt too wide) in paragraph at lines 173--175
\T1/ptm/m/n/12 terms against their use in other languages, since the subtlimiti
es sometimes are different. 
 []


Overfull \hbox (1.86261pt too wide) in paragraph at lines 178--181
\T1/ptm/m/n/12 The AGT Lexical analysis phase is a standard regular grammar par
sing process. Lexical
 []

(/home/pmihalj/agt/paper/res/compiler/lexer.py [5

]) [6]
Overfull \hbox (5.69138pt too wide) in paragraph at lines 243--246
\T1/ptm/m/n/12 some common ambiguities in lexing (which occur due to the presen
ce of angle brackets). 
 []


Overfull \hbox (15.18346pt too wide) in paragraph at lines 255--261
\T1/ptm/m/n/12 dunder functions are defined in the program. The same goes for a
rithmetic and comparison
 []

[7]
Overfull \hbox (37.74272pt too wide) in paragraph at lines 262--264
[]\T1/ptm/m/n/12 Both type of comments, \T1/pcr/m/n/12 /*multiline comment*/ \T
1/ptm/m/n/12 and \T1/pcr/m/n/12 //singleline comment
 []


Overfull \hbox (4.22414pt too wide) in paragraph at lines 299--303
[]\T1/ptm/m/n/12 Tokens resulting from lexical analysis are fed into a stack ma
chine which, depending
 []

[8] (/home/pmihalj/agt/paper/res/compiler/ast [9])
(/home/pmihalj/agt/paper/res/compiler/rule.py) [10]
(/home/pmihalj/agt/paper/res/compiler/ast [11])
(/home/pmihalj/agt/paper/res/compiler/diff.py) [12]
Overfull \hbox (9.1953pt too wide) in paragraph at lines 382--386
\T1/ptm/m/n/12 definition whose name matches the supplied name, and whose numbe
r of type parameters
 []


Overfull \hbox (0.50378pt too wide) in paragraph at lines 387--390
[]\T1/ptm/m/n/12 Inference using struct definitions consists of evaluating the 
body of struct definition,
 []


Overfull \hbox (2.90744pt too wide) in paragraph at lines 411--415
\T1/ptm/m/n/12 some built-in functions, like copy functions of pointers, should
 not copy their arguments
 []


Overfull \hbox (2.97995pt too wide) in paragraph at lines 411--415
\T1/ptm/m/n/12 behaviour, and the flag which indicates whether to do so is also
 a part of a FunctionType. 
 []

[13] (/home/pmihalj/agt/paper/res/compiler/inf1.agt)
! Undefined control sequence.
l.431 definition of \typett
                           {power} function fits programmers intentions.
The control sequence at the end of the top line
of your error message was never \def'ed. If you have
misspelled it (e.g., `\hobx'), type `I' and the correct
spelling (e.g., `I\hbox'). Otherwise just continue,
and I'll forget about whatever was undefined.

! Undefined control sequence.
l.436 Note that this behaviour is not a \critical
                                                  error (the one which AGTC ...
The control sequence at the end of the top line
of your error message was never \def'ed. If you have
misspelled it (e.g., `\hobx'), type `I' and the correct
spelling (e.g., `I\hbox'). Otherwise just continue,
and I'll forget about whatever was undefined.


Overfull \hbox (17.18518pt too wide) in paragraph at lines 433--438
[]\T1/ptm/m/n/12 On the other hand, consider the definition of \T1/pcr/m/n/12 p
ower \T1/ptm/m/n/12 at line 9. In this line, \T1/pcr/m/n/12 enable_if
 []

[14]
Overfull \hbox (11.27039pt too wide) in paragraph at lines 460--463
\T1/ptm/m/n/12 copy the memory array, instead of shallow copying the pointer an
d thus incidentally
 []

[15]
! Missing $ inserted.
<inserted text> 
                $
l.492 ... function whose name is \texttt{__init__}
                                                  , and which has atleast on...
I've inserted a begin-math/end-math symbol since I think
you left one out. Proceed, with fingers crossed.

! Missing { inserted.
<to be read again> 
                   _
l.492 ... function whose name is \texttt{__init__}
                                                  , and which has atleast on...
A left brace was mandatory here, so I've put one in.
You might want to delete and/or insert some corrections
so that I will find a matching right brace soon.
(If you're confused by all this, try typing `I}' now.)

! Missing { inserted.
<to be read again> 
                   _
l.492 ... function whose name is \texttt{__init__}
                                                  , and which has atleast on...
A left brace was mandatory here, so I've put one in.
You might want to delete and/or insert some corrections
so that I will find a matching right brace soon.
(If you're confused by all this, try typing `I}' now.)

! Missing { inserted.
<to be read again> 
                   \aftergroup 
l.492 ... function whose name is \texttt{__init__}
                                                  , and which has atleast on...
A left brace was mandatory here, so I've put one in.
You might want to delete and/or insert some corrections
so that I will find a matching right brace soon.
(If you're confused by all this, try typing `I}' now.)


! LaTeX Error: Command \end{definition} invalid in math mode.

See the LaTeX manual or LaTeX Companion for explanation.
Type  H <return>  for immediate help.
 ...                                              
                                                  
l.494 \end{definition}
                      
Try typing  <return>  to proceed.
If that doesn't work, type  X <return>  to quit.


! LaTeX Error: Something's wrong--perhaps a missing \item.

See the LaTeX manual or LaTeX Companion for explanation.
Type  H <return>  for immediate help.
 ...                                              
                                                  
l.494 \end{definition}
                      
Try typing  <return>  to proceed.
If that doesn't work, type  X <return>  to quit.


! LaTeX Error: Something's wrong--perhaps a missing \item.

See the LaTeX manual or LaTeX Companion for explanation.
Type  H <return>  for immediate help.
 ...                                              
                                                  
l.494 \end{definition}
                      
Try typing  <return>  to proceed.
If that doesn't work, type  X <return>  to quit.

! Missing } inserted.
<inserted text> 
                }
l.494 \end{definition}
                      
I've inserted something that you may have forgotten.
(See the <inserted text> above.)
With luck, this will get me unwedged. But if you
really didn't forget anything, try typing `2' now; then
my insertion and my current dilemma will both disappear.

! Missing } inserted.
<inserted text> 
                }
l.494 \end{definition}
                      
I've inserted something that you may have forgotten.
(See the <inserted text> above.)
With luck, this will get me unwedged. But if you
really didn't forget anything, try typing `2' now; then
my insertion and my current dilemma will both disappear.

! Missing $ inserted.
<inserted text> 
                $
l.494 \end{definition}
                      
I've inserted something that you may have forgotten.
(See the <inserted text> above.)
With luck, this will get me unwedged. But if you
really didn't forget anything, try typing `2' now; then
my insertion and my current dilemma will both disappear.

! Missing } inserted.
<inserted text> 
                }
l.494 \end{definition}
                      
I've inserted something that you may have forgotten.
(See the <inserted text> above.)
With luck, this will get me unwedged. But if you
really didn't forget anything, try typing `2' now; then
my insertion and my current dilemma will both disappear.


Overfull \hbox (393.48265pt too wide) in paragraph at lines 492--495
[]\T1/ptm/b/n/12 Definition 3 \T1/ptm/m/n/12 (Initializer)\T1/ptm/b/n/12 . []\T
1/ptm/m/n/12 An initializer is a function whose name is $[]$ 
 []

! Missing $ inserted.
<inserted text> 
                $
l.497 ... function whose name is \texttt{__copy__}
                                                  , and which has two value ...
I've inserted a begin-math/end-math symbol since I think
you left one out. Proceed, with fingers crossed.

! Missing { inserted.
<to be read again> 
                   _
l.497 ... function whose name is \texttt{__copy__}
                                                  , and which has two value ...
A left brace was mandatory here, so I've put one in.
You might want to delete and/or insert some corrections
so that I will find a matching right brace soon.
(If you're confused by all this, try typing `I}' now.)

! Missing { inserted.
<to be read again> 
                   _
l.497 ... function whose name is \texttt{__copy__}
                                                  , and which has two value ...
A left brace was mandatory here, so I've put one in.
You might want to delete and/or insert some corrections
so that I will find a matching right brace soon.
(If you're confused by all this, try typing `I}' now.)

! Missing { inserted.
<to be read again> 
                   \aftergroup 
l.497 ... function whose name is \texttt{__copy__}
                                                  , and which has two value ...
A left brace was mandatory here, so I've put one in.
You might want to delete and/or insert some corrections
so that I will find a matching right brace soon.
(If you're confused by all this, try typing `I}' now.)


! LaTeX Error: Command \end{definition} invalid in math mode.

See the LaTeX manual or LaTeX Companion for explanation.
Type  H <return>  for immediate help.
 ...                                              
                                                  
l.499 \end{definition}
                      
Try typing  <return>  to proceed.
If that doesn't work, type  X <return>  to quit.


! LaTeX Error: Something's wrong--perhaps a missing \item.

See the LaTeX manual or LaTeX Companion for explanation.
Type  H <return>  for immediate help.
 ...                                              
                                                  
l.499 \end{definition}
                      
Try typing  <return>  to proceed.
If that doesn't work, type  X <return>  to quit.


! LaTeX Error: Something's wrong--perhaps a missing \item.

See the LaTeX manual or LaTeX Companion for explanation.
Type  H <return>  for immediate help.
 ...                                              
                                                  
l.499 \end{definition}
                      
Try typing  <return>  to proceed.
If that doesn't work, type  X <return>  to quit.

! Missing } inserted.
<inserted text> 
                }
l.499 \end{definition}
                      
I've inserted something that you may have forgotten.
(See the <inserted text> above.)
With luck, this will get me unwedged. But if you
really didn't forget anything, try typing `2' now; then
my insertion and my current dilemma will both disappear.

! Missing } inserted.
<inserted text> 
                }
l.499 \end{definition}
                      
I've inserted something that you may have forgotten.
(See the <inserted text> above.)
With luck, this will get me unwedged. But if you
really didn't forget anything, try typing `2' now; then
my insertion and my current dilemma will both disappear.

! Missing $ inserted.
<inserted text> 
                $
l.499 \end{definition}
                      
I've inserted something that you may have forgotten.
(See the <inserted text> above.)
With luck, this will get me unwedged. But if you
really didn't forget anything, try typing `2' now; then
my insertion and my current dilemma will both disappear.

! Missing } inserted.
<inserted text> 
                }
l.499 \end{definition}
                      
I've inserted something that you may have forgotten.
(See the <inserted text> above.)
With luck, this will get me unwedged. But if you
really didn't forget anything, try typing `2' now; then
my insertion and my current dilemma will both disappear.


Overfull \hbox (391.89603pt too wide) in paragraph at lines 497--500
[]\T1/ptm/b/n/12 Definition 4 \T1/ptm/m/n/12 (Copy function)\T1/ptm/b/n/12 . []
\T1/ptm/m/n/12 An copy function is a function whose name is $[]$ 
 []

! Missing $ inserted.
<inserted text> 
                $
l.502 ... function whose name is \texttt{__dest__}
                                                  , and which has only one v...
I've inserted a begin-math/end-math symbol since I think
you left one out. Proceed, with fingers crossed.

! Missing { inserted.
<to be read again> 
                   _
l.502 ... function whose name is \texttt{__dest__}
                                                  , and which has only one v...
A left brace was mandatory here, so I've put one in.
You might want to delete and/or insert some corrections
so that I will find a matching right brace soon.
(If you're confused by all this, try typing `I}' now.)

! Missing { inserted.
<to be read again> 
                   _
l.502 ... function whose name is \texttt{__dest__}
                                                  , and which has only one v...
A left brace was mandatory here, so I've put one in.
You might want to delete and/or insert some corrections
so that I will find a matching right brace soon.
(If you're confused by all this, try typing `I}' now.)

! Missing { inserted.
<to be read again> 
                   \aftergroup 
l.502 ... function whose name is \texttt{__dest__}
                                                  , and which has only one v...
A left brace was mandatory here, so I've put one in.
You might want to delete and/or insert some corrections
so that I will find a matching right brace soon.
(If you're confused by all this, try typing `I}' now.)


! LaTeX Error: Command \end{definition} invalid in math mode.

See the LaTeX manual or LaTeX Companion for explanation.
Type  H <return>  for immediate help.
 ...                                              
                                                  
l.504 \end{definition}
                      
Try typing  <return>  to proceed.
If that doesn't work, type  X <return>  to quit.


! LaTeX Error: Something's wrong--perhaps a missing \item.

See the LaTeX manual or LaTeX Companion for explanation.
Type  H <return>  for immediate help.
 ...                                              
                                                  
l.504 \end{definition}
                      
Try typing  <return>  to proceed.
If that doesn't work, type  X <return>  to quit.


! LaTeX Error: Something's wrong--perhaps a missing \item.

See the LaTeX manual or LaTeX Companion for explanation.
Type  H <return>  for immediate help.
 ...                                              
                                                  
l.504 \end{definition}
                      
Try typing  <return>  to proceed.
If that doesn't work, type  X <return>  to quit.

! Missing } inserted.
<inserted text> 
                }
l.504 \end{definition}
                      
I've inserted something that you may have forgotten.
(See the <inserted text> above.)
With luck, this will get me unwedged. But if you
really didn't forget anything, try typing `2' now; then
my insertion and my current dilemma will both disappear.

! Missing } inserted.
<inserted text> 
                }
l.504 \end{definition}
                      
I've inserted something that you may have forgotten.
(See the <inserted text> above.)
With luck, this will get me unwedged. But if you
really didn't forget anything, try typing `2' now; then
my insertion and my current dilemma will both disappear.

! Missing $ inserted.
<inserted text> 
                $
l.504 \end{definition}
                      
I've inserted something that you may have forgotten.
(See the <inserted text> above.)
With luck, this will get me unwedged. But if you
really didn't forget anything, try typing `2' now; then
my insertion and my current dilemma will both disappear.

! Missing } inserted.
<inserted text> 
                }
l.504 \end{definition}
                      
I've inserted something that you may have forgotten.
(See the <inserted text> above.)
With luck, this will get me unwedged. But if you
really didn't forget anything, try typing `2' now; then
my insertion and my current dilemma will both disappear.


Overfull \hbox (168.14616pt too wide) in paragraph at lines 502--505
[]\T1/ptm/b/n/12 Definition 5 \T1/ptm/m/n/12 (Destructor)\T1/ptm/b/n/12 . []\T1
/ptm/m/n/12 An destructor is a function whose name is $[]$ 
 []

(/home/pmihalj/agt/paper/res/compiler/lifetime_ex.agt [16])
(/home/pmihalj/agt/paper/res/compiler/lifetime_ex.out) [17]
Chapter 4.
(/home/pmihalj/agt/paper/res/programs/fib_runtime_recursion.agt [18

])
(/home/pmihalj/agt/paper/res/programs/fib_runtime_recursion.out)
(/home/pmihalj/agt/paper/res/programs/fib_compile_time.agt)
(/home/pmihalj/agt/paper/res/programs/fib_compile_time.out) [19]
(/home/pmihalj/agt/paper/res/programs/shared_pointer.agt [20] [21])
(/home/pmihalj/agt/paper/res/programs/shared_pointer.out)
(/home/pmihalj/agt/paper/res/programs/memory_object.agt [22])
(/home/pmihalj/agt/paper/res/programs/memory_alloc.agt
Overfull \hbox (145.88954pt too wide) in paragraph at lines 18--19
[][][][][][][][][][][][][][][][][][][][][][][][][][][][][][][][][] 
 []


Overfull \hbox (172.16975pt too wide) in paragraph at lines 19--21
[][][][][][][][][][][][][][][][][][][][][][][][][][][][][][][][][][][][] 
 []

[23]) (/home/pmihalj/agt/paper/res/programs/string_mgmt.agt [24] [25]) [26]
Chapter 5.
[27

]
Chapter 6.
(/home/pmihalj/agt/paper/build/diplomski.bbl [28

]
! Misplaced alignment tab character &.
<argument> ...work for lifelong program analysis &
                                                   transformation
l.24   transformation}
                      .
I can't figure out why you would want to use a tab mark
here. If you just want an ampersand, the remedy is
simple: Just type `I\&' now. But if some right brace
up above has ended a previous alignment prematurely,
you're probably due for more error messages, and you
might try typing `S' now just to see what is salvageable.

) [29

] [30] (/home/pmihalj/agt/paper/build/diplomski.aux) ) 
Here is how much of TeX's memory you used:
 8789 strings out of 481257
 130904 string characters out of 2908218
 537457 words of memory out of 3000000
 25790 multiletter control sequences out of 15000+600000
 457612 words of font info for 89 fonts, out of 8000000 for 9000
 0 hyphenation exceptions out of 8191
 83i,17n,88p,272b,1650s stack positions out of 5000i,500n,10000p,200000b,80000s
{/home/pmihalj/.miktex/te
xmfs/install/fonts/enc/dvips/base/8r.enc}</home/pmihalj/.miktex/texmfs/install/
fonts/type1/public/amsfonts/cm/cmmi6.pfb></home/pmihalj/.miktex/texmfs/install/
fonts/type1/public/amsfonts/cm/cmmi8.pfb></home/pmihalj/.miktex/texmfs/install/
fonts/type1/public/amsfonts/cm/cmr6.pfb></home/pmihalj/.miktex/texmfs/install/f
onts/type1/public/amsfonts/cm/cmsy10.pfb></home/pmihalj/.miktex/texmfs/install/
fonts/type1/urw/courier/ucrr8a.pfb></home/pmihalj/.miktex/texmfs/install/fonts/
type1/urw/helvetic/uhvb8a.pfb></home/pmihalj/.miktex/texmfs/install/fonts/type1
/urw/helvetic/uhvr8a.pfb></home/pmihalj/.miktex/texmfs/install/fonts/type1/urw/
times/utmb8a.pfb></home/pmihalj/.miktex/texmfs/install/fonts/type1/urw/times/ut
mr8a.pfb></home/pmihalj/.miktex/texmfs/install/fonts/type1/urw/times/utmri8a.pf
b>
Output written on /home/pmihalj/agt/paper/build/diplomski.pdf (35 pages, 193973
 bytes).
PDF statistics:
 176 PDF objects out of 1000 (max. 8388607)
 0 named destinations out of 1000 (max. 500000)
 31 words of extra memory for PDF output out of 10000 (max. 10000000)

